Removed Pin From Net: NetName=NRST Pin=R15-1
Removed Pin From Net: NetName=+3.3V Pin=R15-2
Removed Pin From Net: NetName=NetDD3_10 Pin=R31-1
Removed Pin From Net: NetName=NetDD3_9 Pin=R31-2
Removed Pin From Net: NetName=NetDD3_10 Pin=XP2-2
Removed Pin From Net: NetName=NetDD3_9 Pin=XP2-3
Removed Pin From Net: NetName=GND Pin=XU2-1
Removed Pin From Net: NetName=NetFA1_1 Pin=XU2-2
Added Component: Designator=R15(0805)
Added Component: Designator=XU2(MF-2MA)
Added Pin To Net: NetName=NRST Pin=R15-1
Added Pin To Net: NetName=+3.3V Pin=R15-2
Added Pin To Net: NetName=NetDD3_9 Pin=R31-1
Added Pin To Net: NetName=NetDD3_10 Pin=R31-2
Added Pin To Net: NetName=NetDD3_9 Pin=XP2-2
Added Pin To Net: NetName=NetDD3_10 Pin=XP2-3
Added Pin To Net: NetName=GND Pin=XU2-1
Added Pin To Net: NetName=NetFA1_1 Pin=XU2-2
Added Member To Class: ClassName=Main Member=Component R15 *
Added Member To Class: ClassName=Main Member=Component XU2 MF-2MA
