Removed Pin From Net: NetName=NetR26_1 Pin=R26-1
Removed Pin From Net: NetName=NetR28_1 Pin=R28-1
Added Pin To Net: NetName=NetDD4_7 Pin=R26-1
Added Pin To Net: NetName=NetR26_1 Pin=R26-1
Added Pin To Net: NetName=NetDD5_7 Pin=R28-1
Added Pin To Net: NetName=NetR28_1 Pin=R28-1
Added Pin To Net: NetName=+3.3V Pin=R28-2
Added Pin To Net: NetName=NetDD3_1 Pin=DD3-1
Added Pin To Net: NetName=NetDD3_1 Pin=XP1-3
Added Net: Name=NetDD3_1
Added Pin To Net: NetName=NetDD3_2 Pin=DD3-2
Added Pin To Net: NetName=NetDD3_2 Pin=XP1-2
Added Net: Name=NetDD3_2
Added Pin To Net: NetName=NetDD3_6 Pin=DD3-6
Added Pin To Net: NetName=NetDD3_6 Pin=XP1-4
Added Net: Name=NetDD3_6
Added Pin To Net: NetName=NetDD3_7 Pin=DD3-7
Added Pin To Net: NetName=NetDD3_7 Pin=XP1-5
Added Net: Name=NetDD3_7
Added Pin To Net: NetName=NetDD3_9 Pin=DD3-9
Added Pin To Net: NetName=NetDD3_9 Pin=XP2-3
Added Net: Name=NetDD3_9
Added Pin To Net: NetName=NetDD3_10 Pin=DD3-10
Added Pin To Net: NetName=NetDD3_10 Pin=XP2-2
Added Net: Name=NetDD3_10
Added Pin To Net: NetName=NetDD3_14 Pin=DD3-14
Added Pin To Net: NetName=NetDD3_14 Pin=XP2-4
Added Net: Name=NetDD3_14
Added Pin To Net: NetName=NetDD3_15 Pin=DD3-15
Added Pin To Net: NetName=NetDD3_15 Pin=XP2-5
Added Net: Name=NetDD3_15
