Change Physical Footprint: Designator=C1 Old Footprint=0805 New Footprint=0805
Change Physical Footprint: Designator=C2 Old Footprint=0805 New Footprint=0805
Change Physical Footprint: Designator=C3 Old Footprint=C_D5/F2.0_V New Footprint=C_D5/F2.0_V
Change Physical Footprint: Designator=C5.1 Old Footprint=0805 New Footprint=0805
Change Physical Footprint: Designator=C6 Old Footprint=0805 New Footprint=0805
Change Physical Footprint: Designator=C6.1 Old Footprint=CAP_TYPE_A New Footprint=CAP_TYPE_A
Change Physical Footprint: Designator=C7 Old Footprint=0805 New Footprint=0805
Change Physical Footprint: Designator=C8 Old Footprint=ELCAP_SIZE_F New Footprint=ELCAP_SIZE_F
Change Physical Footprint: Designator=C9 Old Footprint=1206 New Footprint=1206
Change Physical Footprint: Designator=C10 Old Footprint=ELCAP_SIZE_F New Footprint=ELCAP_SIZE_F
Change Physical Footprint: Designator=C11 Old Footprint=1206 New Footprint=1206
Change Physical Footprint: Designator=C12 Old Footprint=CAP_TYPE_A New Footprint=CAP_TYPE_A
Change Physical Footprint: Designator=C13 Old Footprint=0805 New Footprint=0805
Change Physical Footprint: Designator=C14 Old Footprint=0805 New Footprint=0805
Change Physical Footprint: Designator=C15 Old Footprint=0805 New Footprint=0805
Change Physical Footprint: Designator=C16 Old Footprint=0805 New Footprint=0805
Change Physical Footprint: Designator=C17 Old Footprint=0805 New Footprint=0805
Change Physical Footprint: Designator=C18 Old Footprint=CAP_TYPE_A New Footprint=CAP_TYPE_A
Change Physical Footprint: Designator=C19 Old Footprint=0805 New Footprint=0805
Change Physical Footprint: Designator=C20 Old Footprint=0805 New Footprint=0805
Change Physical Footprint: Designator=C21 Old Footprint=0805 New Footprint=0805
Change Physical Footprint: Designator=C22 Old Footprint=0805 New Footprint=0805
Change Physical Footprint: Designator=C23 Old Footprint=0805 New Footprint=0805
Change Physical Footprint: Designator=C24 Old Footprint=CAP_TYPE_A New Footprint=CAP_TYPE_A
Change Physical Footprint: Designator=C25 Old Footprint=0805 New Footprint=0805
Change Physical Footprint: Designator=C26 Old Footprint=0805 New Footprint=0805
Change Physical Footprint: Designator=C27 Old Footprint=0805 New Footprint=0805
Change Physical Footprint: Designator=DA1 Old Footprint=SOT-89 New Footprint=SOT-89
Change Physical Footprint: Designator=DA2 Old Footprint=DDPAK New Footprint=DDPAK
Change Physical Footprint: Designator=DA3 Old Footprint=SOT-223_2 New Footprint=SOT-223_2
Change Physical Footprint: Designator=DA4 Old Footprint=SO8N_MS012AA-II New Footprint=SO8N_MS012AA-II
Change Physical Footprint: Designator=DD1 Old Footprint=SO-8 New Footprint=SO-8
Change Physical Footprint: Designator=DD2 Old Footprint=SO-8 New Footprint=SO-8
Change Physical Footprint: Designator=DD3 Old Footprint=SO16_N New Footprint=SO16_N
Change Physical Footprint: Designator=DD4 Old Footprint=SO-8 New Footprint=SO-8
Change Physical Footprint: Designator=DD5 Old Footprint=SO-8 New Footprint=SO-8
Change Physical Footprint: Designator=FA1 Old Footprint=RUE-185 New Footprint=RUE-185
Change Physical Footprint: Designator=L1 Old Footprint=B82464g4 New Footprint=B82464g4
Change Physical Footprint: Designator=L2 Old Footprint=CM322522 New Footprint=CM322522
Change Physical Footprint: Designator=R1 Old Footprint=0805 New Footprint=0805
Change Physical Footprint: Designator=R2 Old Footprint=0805 New Footprint=0805
Change Physical Footprint: Designator=R3 Old Footprint=0805 New Footprint=0805
Change Physical Footprint: Designator=R4 Old Footprint=1206 New Footprint=1206
Change Physical Footprint: Designator=R5 Old Footprint=0805 New Footprint=0805
Change Physical Footprint: Designator=R6 Old Footprint=0805 New Footprint=0805
Change Physical Footprint: Designator=R7 Old Footprint=1206 New Footprint=1206
Change Physical Footprint: Designator=R8 Old Footprint=0805 New Footprint=0805
Change Physical Footprint: Designator=R9 Old Footprint=0805 New Footprint=0805
Change Physical Footprint: Designator=R10 Old Footprint=0805 New Footprint=0805
Change Physical Footprint: Designator=R11 Old Footprint=0805 New Footprint=0805
Change Physical Footprint: Designator=R12 Old Footprint=0805 New Footprint=0805
Change Physical Footprint: Designator=R13 Old Footprint=0805 New Footprint=0805
Change Physical Footprint: Designator=R14 Old Footprint=0805 New Footprint=0805
Change Physical Footprint: Designator=R15 Old Footprint=0805 New Footprint=0805
Change Physical Footprint: Designator=R16 Old Footprint=0805 New Footprint=0805
Change Physical Footprint: Designator=R17 Old Footprint=0805 New Footprint=0805
Change Physical Footprint: Designator=R18 Old Footprint=0805 New Footprint=0805
Change Physical Footprint: Designator=R19 Old Footprint=0805 New Footprint=0805
Change Physical Footprint: Designator=R20 Old Footprint=0805 New Footprint=0805
Change Physical Footprint: Designator=R21 Old Footprint=0805 New Footprint=0805
Change Physical Footprint: Designator=R22 Old Footprint=0805 New Footprint=0805
Change Physical Footprint: Designator=R23 Old Footprint=0805 New Footprint=0805
Change Physical Footprint: Designator=R24 Old Footprint=0805 New Footprint=0805
Change Physical Footprint: Designator=R25 Old Footprint=0805 New Footprint=0805
Change Physical Footprint: Designator=R26 Old Footprint=0805 New Footprint=0805
Change Physical Footprint: Designator=R27 Old Footprint=0805 New Footprint=0805
Change Physical Footprint: Designator=R28 Old Footprint=0805 New Footprint=0805
Change Physical Footprint: Designator=SA1 Old Footprint=SWT-2 New Footprint=SWT-2
Change Physical Footprint: Designator=SA2 Old Footprint=SWT-2 New Footprint=SWT-2
Change Physical Footprint: Designator=SA3 Old Footprint=SWD 1-4 New Footprint=SWD 1-4
Change Physical Footprint: Designator=U1 Old Footprint=STM-LQFP100_V New Footprint=STM-LQFP100_V
Change Physical Footprint: Designator=VD1 Old Footprint=SMC New Footprint=SMC
Change Physical Footprint: Designator=VD2 Old Footprint=SMB New Footprint=SMB
Change Physical Footprint: Designator=VD3 Old Footprint=SMC New Footprint=SMC
Change Physical Footprint: Designator=VD4 Old Footprint=LED3216 New Footprint=LED3216
Change Physical Footprint: Designator=VD5 Old Footprint=LED3216 New Footprint=LED3216
Change Physical Footprint: Designator=VD6 Old Footprint=LED3216 New Footprint=LED3216
Change Physical Footprint: Designator=VD7 Old Footprint=LED3216 New Footprint=LED3216
Change Physical Footprint: Designator=VD8 Old Footprint=LED3216 New Footprint=LED3216
Change Physical Footprint: Designator=VD9 Old Footprint=LED3216 New Footprint=LED3216
Change Physical Footprint: Designator=VD10 Old Footprint=LED3216 New Footprint=LED3216
Change Physical Footprint: Designator=VD11 Old Footprint=LED3216 New Footprint=LED3216
Change Physical Footprint: Designator=VD12 Old Footprint=LED3216 New Footprint=LED3216
Change Physical Footprint: Designator=VD13 Old Footprint=LED3216 New Footprint=LED3216
Change Physical Footprint: Designator=VJ1 Old Footprint=Virtual Jumper New Footprint=Virtual Jumper
Change Physical Footprint: Designator=X1 Old Footprint=PLD-4 New Footprint=PLD-4
Change Physical Footprint: Designator=X2 Old Footprint=TJ3-4P4C New Footprint=TJ3-4P4C
Change Physical Footprint: Designator=X3 Old Footprint=TJ3-4P4C New Footprint=TJ3-4P4C
Change Physical Footprint: Designator=X4 Old Footprint=15EDGVC-2.5-03P New Footprint=15EDGVC-2.5-03P
Change Physical Footprint: Designator=X5 Old Footprint=15EDGVC-2.5-03P New Footprint=15EDGVC-2.5-03P
Change Physical Footprint: Designator=X6 Old Footprint=15EDGVC-2.5-03P New Footprint=15EDGVC-2.5-03P
Change Physical Footprint: Designator=X7 Old Footprint=15EDGVC-2.5-03P New Footprint=15EDGVC-2.5-03P
Change Physical Footprint: Designator=X8 Old Footprint=TJ3-4P4C New Footprint=TJ3-4P4C
Change Physical Footprint: Designator=XJ1 Old Footprint=BH2-6 New Footprint=BH2-6
Change Physical Footprint: Designator=XP1 Old Footprint=DB-9M New Footprint=DB-9M
Change Physical Footprint: Designator=XP2 Old Footprint=DB-9M New Footprint=DB-9M
Change Physical Footprint: Designator=XU1 Old Footprint=MF-2MA New Footprint=MF-2MA
Change Physical Footprint: Designator=XU2 Old Footprint=MF-2MA New Footprint=MF-2MA
Change Physical Footprint: Designator=ZQ1 Old Footprint=KX-13 New Footprint=KX-13
