Removed Pin From Net: NetName=GND Pin=DA4-2
Removed Pin From Net: NetName=NRST Pin=R15-1
Removed Pin From Net: NetName=+3.3V Pin=R15-2
Removed Pin From Net: NetName=+24V_SAFE Pin=X4-1
Removed Pin From Net: NetName=GND Pin=XU2-1
Removed Pin From Net: NetName=NetFA1_1 Pin=XU2-2
Removed Member From Class: ClassName=Digital_In_Common Member=R22
Removed Member From Class: ClassName=Main Member=R26
Change Component DesignItemId : Designator=R7 Old DesignItemId=CRCW1206 New DesignItemId=RC0805JR
Change Component Footprint: Designator=R7 Old Footprint=1206 New Footprint=0805
Added Component: Designator=R15(0805)
Added Component: Designator=R29(0805)
Added Component: Designator=R30(0805)
Added Component: Designator=R31(0805)
Added Component: Designator=R32(0805)
Added Component: Designator=R33(0805)
Added Component: Designator=R34(0805)
Added Component: Designator=VD14(LED3216)
Added Component: Designator=VD15(LED3216)
Added Component: Designator=VD16(LED3216)
Added Component: Designator=XP1(DBF15 HD)
Added Component: Designator=XU2(MF-2MA)
Added Pin To Net: NetName=NRST Pin=R15-1
Added Pin To Net: NetName=+3.3V Pin=R15-2
Added Pin To Net: NetName=+24V_SAFE Pin=R22-2
Added Pin To Net: NetName=NetDD3_2 Pin=R29-1
Added Pin To Net: NetName=NetDD3_1 Pin=R29-2
Added Pin To Net: NetName=NetDD3_7 Pin=R30-1
Added Pin To Net: NetName=NetDD3_6 Pin=R30-2
Added Pin To Net: NetName=NetDD3_10 Pin=R31-1
Added Pin To Net: NetName=NetDD3_9 Pin=R31-2
Added Pin To Net: NetName=NetDD3_15 Pin=R32-1
Added Pin To Net: NetName=NetDD3_14 Pin=R32-2
Added Pin To Net: NetName=+24V_SAFE Pin=R33-2
Added Pin To Net: NetName=+24V_SAFE Pin=R34-2
Added Pin To Net: NetName=NetR22_1 Pin=VD14-1
Added Pin To Net: NetName=GND Pin=VJ1-1
Added Pin To Net: NetName=GND Pin=X4-3
Added Pin To Net: NetName=GND Pin=XP1-1
Added Pin To Net: NetName=NetDD3_2 Pin=XP1-2
Added Pin To Net: NetName=NetDD3_1 Pin=XP1-3
Added Pin To Net: NetName=NetDD3_6 Pin=XP1-4
Added Pin To Net: NetName=NetDD3_7 Pin=XP1-5
Added Pin To Net: NetName=+24V_SAFE Pin=XP1-15
Added Pin To Net: NetName=GND Pin=XP1-16
Added Pin To Net: NetName=GND Pin=XP1-17
Added Pin To Net: NetName=GND Pin=XP2-1
Added Pin To Net: NetName=+5V Pin=XP2-6
Added Pin To Net: NetName=GND Pin=XP2-10
Added Pin To Net: NetName=GND Pin=XP2-11
Added Pin To Net: NetName=GND Pin=XU2-1
Added Pin To Net: NetName=NetFA1_1 Pin=XU2-2
Added Pin To Net: NetName=+24_SAFE Pin=R25-2
Added Net: Name=+24_SAFE
Added Pin To Net: NetName=NetDA4_2 Pin=DA4-2
Added Pin To Net: NetName=NetDA4_2 Pin=X4-1
Added Pin To Net: NetName=NetDA4_2 Pin=X4-2
Added Pin To Net: NetName=NetDA4_2 Pin=XP1-6
Added Net: Name=NetDA4_2
Added Pin To Net: NetName=NetR33_1 Pin=R33-1
Added Pin To Net: NetName=NetR33_1 Pin=VD15-1
Added Net: Name=NetR33_1
Added Pin To Net: NetName=NetR34_1 Pin=R34-1
Added Pin To Net: NetName=NetR34_1 Pin=VD16-1
Added Net: Name=NetR34_1
Added Pin To Net: NetName=NetVD14_2 Pin=VD14-2
Added Pin To Net: NetName=NetVD14_2 Pin=X5-2
Added Pin To Net: NetName=NetVD14_2 Pin=XP1-7
Added Net: Name=NetVD14_2
Added Pin To Net: NetName=NetVD15_2 Pin=VD15-2
Added Pin To Net: NetName=NetVD15_2 Pin=X6-2
Added Pin To Net: NetName=NetVD15_2 Pin=XP1-8
Added Net: Name=NetVD15_2
Added Pin To Net: NetName=NetVD16_2 Pin=VD16-2
Added Pin To Net: NetName=NetVD16_2 Pin=X7-2
Added Pin To Net: NetName=NetVD16_2 Pin=XP1-9
Added Net: Name=NetVD16_2
Added Member To Class: ClassName=Main Member=Component R15 *
Added Member To Class: ClassName=Main Member=Component R22 *
Added Member To Class: ClassName=Main Member=Component R29 *
Added Member To Class: ClassName=Main Member=Component R30 *
Added Member To Class: ClassName=Main Member=Component R31 *
Added Member To Class: ClassName=Main Member=Component R32 *
Added Member To Class: ClassName=Main Member=Component R33 *
Added Member To Class: ClassName=Main Member=Component R34 *
Added Member To Class: ClassName=Main Member=Component VD14 KP-3216MGC
Added Member To Class: ClassName=Main Member=Component VD15 KP-3216MGC
Added Member To Class: ClassName=Main Member=Component VD16 KP-3216MGC
Added Member To Class: ClassName=Main Member=Component XP1 DBF-15HD
Added Member To Class: ClassName=Main Member=Component XU2 MF-2MA
