Removed Pin From Net: NetName=NRST Pin=R15-1
Removed Pin From Net: NetName=+3.3V Pin=R15-2
Removed Pin From Net: NetName=NetDD3_1 Pin=XP1-2
Removed Pin From Net: NetName=NetDD3_2 Pin=XP1-3
Removed Pin From Net: NetName=NetDD3_6 Pin=XP1-4
Removed Pin From Net: NetName=NetDD3_7 Pin=XP1-5
Removed Pin From Net: NetName=GND Pin=XU2-1
Removed Pin From Net: NetName=NetFA1_1 Pin=XU2-2
Added Component: Designator=R15(0805)
Added Component: Designator=XU2(MF-2MA)
Added Pin To Net: NetName=NRST Pin=R15-1
Added Pin To Net: NetName=+3.3V Pin=R15-2
Added Pin To Net: NetName=NetDD3_7 Pin=XP1-2
Added Pin To Net: NetName=NetDD3_6 Pin=XP1-3
Added Pin To Net: NetName=NetDD3_2 Pin=XP1-4
Added Pin To Net: NetName=NetDD3_1 Pin=XP1-5
Added Pin To Net: NetName=GND Pin=XU2-1
Added Pin To Net: NetName=NetFA1_1 Pin=XU2-2
Added Member To Class: ClassName=Main Member=Component R15 *
Added Member To Class: ClassName=Main Member=Component XU2 MF-2MA
