Removed Pin From Net: NetName=NetR19_1 Pin=R19-1
Removed Pin From Net: NetName=GND Pin=R19-2
Removed Pin From Net: NetName=NetDD3_7 Pin=XP1-7
Removed Pin From Net: NetName=NetDD3_6 Pin=XP1-8
Removed Pin From Net: NetName=NetDD3_2 Pin=XP1-9
Removed Pin From Net: NetName=NetDD3_1 Pin=XP1-10
Removed Pin From Net: NetName=GND Pin=XU2-1
Removed Pin From Net: NetName=NetFA1_1 Pin=XU2-2
Added Component: Designator=R19(0805)
Added Component: Designator=XU2(MF-2MA)
Added Pin To Net: NetName=NetR19_1 Pin=R19-1
Added Pin To Net: NetName=GND Pin=R19-2
Added Pin To Net: NetName=NetDD3_1 Pin=XP1-7
Added Pin To Net: NetName=NetDD3_2 Pin=XP1-8
Added Pin To Net: NetName=NetDD3_6 Pin=XP1-9
Added Pin To Net: NetName=NetDD3_7 Pin=XP1-10
Added Pin To Net: NetName=GND Pin=XU2-1
Added Pin To Net: NetName=NetFA1_1 Pin=XU2-2
Added Member To Class: ClassName=Main Member=Component R19 *
Added Member To Class: ClassName=Main Member=Component XU2 MF-2MA
