Removed Pin From Net: NetName=NetDD4_7 Pin=R13-1
Removed Pin From Net: NetName=NetR28_1 Pin=R18-1
Removed Pin From Net: NetName=NetDD5_7 Pin=R19-1
Removed Pin From Net: NetName=NetR26_1 Pin=R25-1
Removed Pin From Net: NetName=NetDD4_7 Pin=X5-1
Removed Pin From Net: NetName=NetDD4_6 Pin=X5-2
Removed Pin From Net: NetName=GND_CAN Pin=X5-3
Removed Pin From Net: NetName=+12V_CAN Pin=X5-4
Removed Pin From Net: NetName=GND Pin=XU2-1
Removed Pin From Net: NetName=NetFA1_1 Pin=XU2-2
Removed Member From Class: ClassName=CAN_ASI Member=C5
Removed Member From Class: ClassName=POWER_SUPPLY Member=C11
Removed Member From Class: ClassName=CAN Member=C12
Removed Member From Class: ClassName=CAN Member=C14
Removed Member From Class: ClassName=POWER_SUPPLY Member=C14
Removed Member From Class: ClassName=Main Member=C25
Removed Member From Class: ClassName=CAN_ASI Member=C26
Removed Member From Class: ClassName=POWER_SUPPLY Member=C27
Removed Member From Class: ClassName=Digital_In_Common Member=DA1
Removed Member From Class: ClassName=CAN_ASI Member=DD3
Removed Member From Class: ClassName=CAN Member=DD5
Removed Member From Class: ClassName=Main Member=R1
Removed Member From Class: ClassName=POWER_SUPPLY Member=R5
Removed Member From Class: ClassName=Digital_In_Common Member=R6
Removed Member From Class: ClassName=Digital_In_Common Member=R7
Removed Member From Class: ClassName=CAN_ASI Member=R13
Removed Member From Class: ClassName=Main Member=R16
Removed Member From Class: ClassName=CAN Member=R18
Removed Member From Class: ClassName=CAN_ASI Member=R23
Removed Member From Class: ClassName=Main Member=R23
Removed Member From Class: ClassName=CAN Member=R24
Removed Member From Class: ClassName=Main Member=R24
Removed Member From Class: ClassName=Main Member=R25
Removed Member From Class: ClassName=CAN Member=R27
Removed Member From Class: ClassName=CAN_ASI Member=X5
Removed Member From Class: ClassName=CAN Member=X5
Removed Member From Class: ClassName=Main Member=X7
Change Component Designator: OldDesignator=C1 NewDesignator=C9
Change Component Designator: OldDesignator=C2 NewDesignator=C8
Change Component Designator: OldDesignator=C3 NewDesignator=C7
Change Component Designator: OldDesignator=C4 NewDesignator=C11
Change Component Designator: OldDesignator=C5 NewDesignator=C10
Change Component Designator: OldDesignator=C6 NewDesignator=C14
Change Component Designator: OldDesignator=C7 NewDesignator=C12
Change Component Designator: OldDesignator=C8 NewDesignator=C25
Change Component Designator: OldDesignator=C9 NewDesignator=C24
Change Component Designator: OldDesignator=C10 NewDesignator=C27
Change Component Designator: OldDesignator=C11 NewDesignator=C2
Change Component Designator: OldDesignator=C12 NewDesignator=C26
Change Component Designator: OldDesignator=C13 NewDesignator=C3
Change Component Designator: OldDesignator=C14 NewDesignator=C13
Change Component Designator: OldDesignator=C15 NewDesignator=C20
Change Component Designator: OldDesignator=C16 NewDesignator=C21
Change Component Designator: OldDesignator=C17 NewDesignator=C16
Change Component Designator: OldDesignator=C18 NewDesignator=C22
Change Component Designator: OldDesignator=C20 NewDesignator=C23
Change Component Designator: OldDesignator=C21 NewDesignator=C15
Change Component Designator: OldDesignator=C22 NewDesignator=C17
Change Component Designator: OldDesignator=C23 NewDesignator=C18
Change Component Designator: OldDesignator=C24 NewDesignator=C6.1
Change Component Designator: OldDesignator=C25 NewDesignator=C6
Change Component Designator: OldDesignator=C26 NewDesignator=C5.1
Change Component Designator: OldDesignator=C27 NewDesignator=C1
Change Component Designator: OldDesignator=DA1 NewDesignator=DA2
Change Component Designator: OldDesignator=DA2 NewDesignator=DA3
Change Component Designator: OldDesignator=DA3 NewDesignator=DA4
Change Component Designator: OldDesignator=DA4 NewDesignator=DA1
Change Component Designator: OldDesignator=DD1 NewDesignator=DD3
Change Component Designator: OldDesignator=DD2 NewDesignator=DD5
Change Component Designator: OldDesignator=DD3 NewDesignator=DD2
Change Component Designator: OldDesignator=DD4 NewDesignator=DD1
Change Component Designator: OldDesignator=DD5 NewDesignator=DD4
Change Component Designator: OldDesignator=R1 NewDesignator=R4
Change Component Designator: OldDesignator=R2 NewDesignator=R6
Change Component Designator: OldDesignator=R3 NewDesignator=R7
Change Component Designator: OldDesignator=R4 NewDesignator=R5
Change Component Designator: OldDesignator=R5 NewDesignator=R10
Change Component Designator: OldDesignator=R6 NewDesignator=R8
Change Component Designator: OldDesignator=R7 NewDesignator=R9
Change Component Designator: OldDesignator=R8 NewDesignator=R22
Change Component Designator: OldDesignator=R9 NewDesignator=R25
Change Component Designator: OldDesignator=R10 NewDesignator=R23
Change Component Designator: OldDesignator=R11 NewDesignator=R24
Change Component Designator: OldDesignator=R12 NewDesignator=R17
Change Component Designator: OldDesignator=R13 NewDesignator=R26
Change Component Designator: OldDesignator=R14 NewDesignator=R15
Change Component Designator: OldDesignator=R15 NewDesignator=R13
Change Component Designator: OldDesignator=R16 NewDesignator=R14
Change Component Designator: OldDesignator=R17 NewDesignator=R12
Change Component Designator: OldDesignator=R18 NewDesignator=R28
Change Component Designator: OldDesignator=R19 NewDesignator=R28
Change Component Designator: OldDesignator=R20 NewDesignator=R18
Change Component Designator: OldDesignator=R21 NewDesignator=R19
Change Component Designator: OldDesignator=R22 NewDesignator=R20
Change Component Designator: OldDesignator=R23 NewDesignator=R21
Change Component Designator: OldDesignator=R24 NewDesignator=R3
Change Component Designator: OldDesignator=R25 NewDesignator=R26
Change Component Designator: OldDesignator=R26 NewDesignator=R27
Change Component Designator: OldDesignator=R27 NewDesignator=R1
Change Component Designator: OldDesignator=R28 NewDesignator=R2
Change Component Designator: OldDesignator=SA2 NewDesignator=SA3
Change Component Designator: OldDesignator=SA3 NewDesignator=SA2
Change Component Designator: OldDesignator=VD1 NewDesignator=VD4
Change Component Designator: OldDesignator=VD3 NewDesignator=VD1
Change Component Designator: OldDesignator=VD4 NewDesignator=VD3
Change Component Designator: OldDesignator=VD5 NewDesignator=VD7
Change Component Designator: OldDesignator=VD7 NewDesignator=VD5
Change Component Designator: OldDesignator=VD10 NewDesignator=VD13
Change Component Designator: OldDesignator=VD11 NewDesignator=VD12
Change Component Designator: OldDesignator=VD12 NewDesignator=VD11
Change Component Designator: OldDesignator=VD13 NewDesignator=VD10
Change Component Designator: OldDesignator=X1 NewDesignator=X7
Change Component Designator: OldDesignator=X2 NewDesignator=X6
Change Component Designator: OldDesignator=X3 NewDesignator=X5
Change Component Designator: OldDesignator=X6 NewDesignator=X3
Change Component Designator: OldDesignator=X7 NewDesignator=X2
Change Component Designator: OldDesignator=X8 NewDesignator=X1
Change Component Designator: OldDesignator=XP1 NewDesignator=XP2
Change Component Designator: OldDesignator=XP2 NewDesignator=XP1
Added Component: Designator=X8(TJ3-4P4C)
Added Component: Designator=XU2(MF-2MA)
Added Pin To Net: NetName=NetDD4_7 Pin=R26-1
Added Pin To Net: NetName=NetR26_1 Pin=R26-1
Added Pin To Net: NetName=NetDD5_7 Pin=R28-1
Added Pin To Net: NetName=NetR28_1 Pin=R28-1
Added Pin To Net: NetName=NetDD4_7 Pin=X8-1
Added Pin To Net: NetName=NetDD4_6 Pin=X8-2
Added Pin To Net: NetName=GND_CAN Pin=X8-3
Added Pin To Net: NetName=+12V_CAN Pin=X8-4
Added Pin To Net: NetName=GND Pin=XU2-1
Added Pin To Net: NetName=NetFA1_1 Pin=XU2-2
Added Member To Class: ClassName=CAN Member=Component C3 100mk x 25 Â
Added Member To Class: ClassName=CAN Member=Component C5.1 (C5) *
Added Member To Class: ClassName=POWER_SUPPLY Member=Component C8 *
Added Member To Class: ClassName=POWER_SUPPLY Member=Component C9 *
Added Member To Class: ClassName=POWER_SUPPLY Member=Component C12 *
Added Member To Class: ClassName=Main Member=Component C14 *
Added Member To Class: ClassName=CAN_ASI Member=Component C27 *
Added Member To Class: ClassName=Digital_In_Common Member=Component DA4 HCPL0661
Added Member To Class: ClassName=CAN Member=Component DD1 PCA82C250T/N4
Added Member To Class: ClassName=CAN_ASI Member=Component DD5 ADUM1201BR
Added Member To Class: ClassName=Main Member=Component R9 *
Added Member To Class: ClassName=Main Member=Component R10 *
Added Member To Class: ClassName=Digital_In_Common Member=Component R22 *
Added Member To Class: ClassName=CAN_ASI Member=Component R27 *
Added Member To Class: ClassName=CAN_ASI Member=Component R28 *
Added Member To Class: ClassName=Main Member=Component R28 (R11) *
Added Member To Class: ClassName=CAN Member=Component X2 TJ3-4P4C
Added Member To Class: ClassName=Main Member=Component X5 15EDGVC-2.5-03P
Added Member To Class: ClassName=CAN_ASI Member=Component X8 TJ3-4P4C
