Removed Pin From Net: NetName=+5V Pin=C14-1
Removed Pin From Net: NetName=GND Pin=C14-2
Removed Pin From Net: NetName=NRST Pin=R15-1
Removed Pin From Net: NetName=+3.3V Pin=R15-2
Removed Pin From Net: NetName=GND Pin=R16-2
Removed Pin From Net: NetName=NetR16_1 Pin=U1-49
Removed Pin From Net: NetName=GND Pin=XU2-1
Removed Pin From Net: NetName=NetFA1_1 Pin=XU2-2
Removed Member From Class: ClassName=Main Member=C25
Removed Member From Class: ClassName=Main Member=R29
Removed Member From Class: ClassName=Main Member=R30
Removed Member From Class: ClassName=Main Member=R31
Removed Member From Class: ClassName=Main Member=R32
Change Component Comment : Designator=R17 Old Comment= New Comment=*
Change Component Designator: OldDesignator=C15 NewDesignator=C14
Change Component Designator: OldDesignator=C16 NewDesignator=C15
Change Component Designator: OldDesignator=C17 NewDesignator=C16
Change Component Designator: OldDesignator=C18 NewDesignator=C17
Change Component Designator: OldDesignator=C19 NewDesignator=C18
Change Component Designator: OldDesignator=C20 NewDesignator=C19
Change Component Designator: OldDesignator=C21 NewDesignator=C20
Change Component Designator: OldDesignator=C22 NewDesignator=C21
Change Component Designator: OldDesignator=C23 NewDesignator=C22
Change Component Designator: OldDesignator=C24 NewDesignator=C23
Change Component Designator: OldDesignator=C25 NewDesignator=C24
Change Component Designator: OldDesignator=C26 NewDesignator=C25
Change Component Designator: OldDesignator=C27 NewDesignator=C26
Change Component Designator: OldDesignator=R11 NewDesignator=R13
Change Component Designator: OldDesignator=R12 NewDesignator=R15
Change Component Designator: OldDesignator=R13 NewDesignator=R17
Change Component Designator: OldDesignator=R17 NewDesignator=R20
Change Component Designator: OldDesignator=R18 NewDesignator=R25
Change Component Designator: OldDesignator=R19 NewDesignator=R26
Change Component Designator: OldDesignator=R20 NewDesignator=R27
Change Component Designator: OldDesignator=R21 NewDesignator=R28
Change Component Designator: OldDesignator=R23 NewDesignator=R29
Change Component Designator: OldDesignator=R24 NewDesignator=R30
Change Component Designator: OldDesignator=R25 NewDesignator=R31
Change Component Designator: OldDesignator=R26 NewDesignator=R32
Change Component Designator: OldDesignator=R27 NewDesignator=R33
Change Component Designator: OldDesignator=R28 NewDesignator=R34
Change Component Designator: OldDesignator=R29 NewDesignator=R11
Change Component Designator: OldDesignator=R30 NewDesignator=R12
Change Component Designator: OldDesignator=R31 NewDesignator=R18
Change Component Designator: OldDesignator=R32 NewDesignator=R21
Change Component Designator: OldDesignator=R33 NewDesignator=R23
Change Component Designator: OldDesignator=R34 NewDesignator=R24
Change Component Designator: OldDesignator=VD6 NewDesignator=VD9
Change Component Designator: OldDesignator=VD7 NewDesignator=VD6
Change Component Designator: OldDesignator=VD8 NewDesignator=VD7
Change Component Designator: OldDesignator=VD9 NewDesignator=VD8
Change Component Designator: OldDesignator=VD13 NewDesignator=VD16
Change Component Designator: OldDesignator=VD14 NewDesignator=VD13
Change Component Designator: OldDesignator=VD15 NewDesignator=VD14
Change Component Designator: OldDesignator=VD16 NewDesignator=VD15
Added Component: Designator=R19(0805)
Added Component: Designator=XU2(MF-2MA)
Added Pin To Net: NetName=NRST Pin=R15-1
Added Pin To Net: NetName=+3.3V Pin=R15-2
Added Pin To Net: NetName=GND Pin=R19-2
Added Pin To Net: NetName=NetR16_1 Pin=VD11-1
Added Pin To Net: NetName=GND Pin=XU2-1
Added Pin To Net: NetName=NetFA1_1 Pin=XU2-2
Change Net Name : Old Net Name=NetC15_2 New Net Name=NetC14_2
Change Net Name : Old Net Name=NetC16_2 New Net Name=NetC15_2
Change Net Name : Old Net Name=NetC24_1 New Net Name=NetC23_1
Change Net Name : Old Net Name=NetC26_1 New Net Name=NetC25_1
Change Net Name : Old Net Name=NetC27_1 New Net Name=NetC26_1
Change Net Name : Old Net Name=NetR11_1 New Net Name=NetR13_1
Change Net Name : Old Net Name=NetR11_2 New Net Name=NetR13_2
Change Net Name : Old Net Name=NetR13_1 New Net Name=NetR17_1
Change Net Name : Old Net Name=NetR13_2 New Net Name=NetR17_2
Change Net Name : Old Net Name=NetR17_1 New Net Name=NetR20_1
Change Net Name : Old Net Name=NetR18_1 New Net Name=NetR25_1
Change Net Name : Old Net Name=NetR19_1 New Net Name=NetR26_1
Change Net Name : Old Net Name=NetR20_1 New Net Name=NetR27_1
Change Net Name : Old Net Name=NetR21_1 New Net Name=NetR28_1
Change Net Name : Old Net Name=NetR23_2 New Net Name=NetR29_2
Change Net Name : Old Net Name=NetR33_1 New Net Name=NetR23_1
Change Net Name : Old Net Name=NetR34_1 New Net Name=NetR24_1
Change Net Name : Old Net Name=NetVD14_2 New Net Name=NetVD13_2
Change Net Name : Old Net Name=NetVD15_2 New Net Name=NetVD14_2
Change Net Name : Old Net Name=NetVD16_2 New Net Name=NetVD15_2
Added Pin To Net: NetName=NetR16_2 Pin=R16-2
Added Pin To Net: NetName=NetR16_2 Pin=U1-2
Added Net: Name=NetR16_2
Added Pin To Net: NetName=NetR19_1 Pin=R19-1
Added Pin To Net: NetName=NetR19_1 Pin=U1-49
Added Net: Name=NetR19_1
Added Member To Class: ClassName=Main Member=Component R15 *
Added Member To Class: ClassName=Main Member=Component R25 *
Added Member To Class: ClassName=Main Member=Component R26 *
Added Member To Class: ClassName=Main Member=Component R27 *
Added Member To Class: ClassName=Main Member=Component R28 *
Added Member To Class: ClassName=Main Member=Component XU2 MF-2MA
