Removed Member From Class: ClassName=POWER_SUPPLY Member=C6
Removed Member From Class: ClassName=Main Member=C12
Removed Member From Class: ClassName=CAN Member=C14
Removed Member From Class: ClassName=Main Member=VD4
Removed Member From Class: ClassName=POWER_SUPPLY Member=VD6
Change Component DesignItemId : Designator=X4 Old DesignItemId=TJ3-4P4C New DesignItemId=8EDGVC-3.5-03P
Change Component Footprint: Designator=X4 Old Footprint=TJ3-4P4C New Footprint=8EDGVC-3.5-03P
Change Component Comment : Designator=X4 Old Comment=TJ3-4P4C New Comment=8EDGVC-3.5-03P-19-00A(H)
Change Component Designator: OldDesignator=VD7 NewDesignator=VD6
Change Component Designator: OldDesignator=VD8 NewDesignator=VD7
Change Component Designator: OldDesignator=VD9 NewDesignator=VD8
Change Component Designator: OldDesignator=VD10 NewDesignator=VD9
Change Component Designator: OldDesignator=VD11 NewDesignator=VD10
Change Component Designator: OldDesignator=VD12 NewDesignator=VD11
Change Component Designator: OldDesignator=VD13 NewDesignator=VD12
Change Component Designator: OldDesignator=VD14 NewDesignator=VD13
Added Component: Designator=X5(8EDGVC-3.5-03P)
Added Component: Designator=X6(8EDGVC-3.5-03P)
Added Component: Designator=X7(8EDGVC-3.5-03P)
Added Component: Designator=X8(TJ3-4P4C)
Added Pin To Net: NetName=+3.3V Pin=C12-1
Added Pin To Net: NetName=+3.3V Pin=C13-1
Added Pin To Net: NetName=+3.3V Pin=C20-1
Added Pin To Net: NetName=+3.3V Pin=C21-1
Added Pin To Net: NetName=+3.3V Pin=C22-1
Added Pin To Net: NetName=+3.3V Pin=C23-1
Added Pin To Net: NetName=+3.3V Pin=C24-1
Added Pin To Net: NetName=+3.3V Pin=C25-1
Added Pin To Net: NetName=+3.3V Pin=DA5-3
Added Pin To Net: NetName=+3.3V Pin=DD2-8
Added Pin To Net: NetName=+3.3V Pin=DD4-1
Added Pin To Net: NetName=+3.3V Pin=DD4-19
Added Pin To Net: NetName=+3.3V Pin=DD4-32
Added Pin To Net: NetName=+3.3V Pin=DD4-48
Added Pin To Net: NetName=+3.3V Pin=DD4-64
Added Pin To Net: NetName=+3.3V Pin=DD6-8
Added Pin To Net: NetName=+3.3V Pin=L2-1
Added Pin To Net: NetName=+3.3V Pin=R1.1-2
Added Pin To Net: NetName=+3.3V Pin=R1.2-2
Added Pin To Net: NetName=+3.3V Pin=R5.1-2
Added Pin To Net: NetName=+3.3V Pin=R5.2-2
Added Pin To Net: NetName=+3.3V Pin=R8.1-2
Added Pin To Net: NetName=+3.3V Pin=R8.2-2
Added Pin To Net: NetName=+3.3V Pin=R12.1-2
Added Pin To Net: NetName=+3.3V Pin=R12.2-2
Added Pin To Net: NetName=+3.3V Pin=R17-2
Added Pin To Net: NetName=+3.3V Pin=R19-2
Added Pin To Net: NetName=+3.3V Pin=R20-1
Added Pin To Net: NetName=+3.3V Pin=R21-2
Added Pin To Net: NetName=+3.3V Pin=R22-1
Added Pin To Net: NetName=+3.3V Pin=R23-1
Added Pin To Net: NetName=+3.3V Pin=R24-2
Added Pin To Net: NetName=+3.3V Pin=R26-2
Added Pin To Net: NetName=+3.3V Pin=R28-2
Added Pin To Net: NetName=+3.3V Pin=R30-2
Added Pin To Net: NetName=+3.3V Pin=R31-2
Added Pin To Net: NetName=+3.3V Pin=R32-2
Added Pin To Net: NetName=+3.3V Pin=R33-2
Added Pin To Net: NetName=+3.3V Pin=R34-1
Added Pin To Net: NetName=+3.3V Pin=R35-2
Added Pin To Net: NetName=+3.3V Pin=R40-2
Added Pin To Net: NetName=+3.3V Pin=XJ1-6
Added Net: Name=+3.3V
Added Pin To Net: NetName=+5V_CAN Pin=C6-1
Added Pin To Net: NetName=+5V_CAN Pin=C6.1-1
Added Pin To Net: NetName=+5V_CAN Pin=DA3-1
Added Pin To Net: NetName=+5V_CAN Pin=DD1-3
Added Pin To Net: NetName=+5V_CAN Pin=DD2-1
Added Pin To Net: NetName=+5V_CAN Pin=DD5-3
Added Pin To Net: NetName=+5V_CAN Pin=DD6-1
Added Net: Name=+5V_CAN
Added Pin To Net: NetName=+5V Pin=C10-1
Added Pin To Net: NetName=+5V Pin=C11-1
Added Pin To Net: NetName=+5V Pin=C14-1
Added Pin To Net: NetName=+5V Pin=DA1.1-1
Added Pin To Net: NetName=+5V Pin=DA1.1-3
Added Pin To Net: NetName=+5V Pin=DA1.2-1
Added Pin To Net: NetName=+5V Pin=DA1.2-3
Added Pin To Net: NetName=+5V Pin=DA2.1-1
Added Pin To Net: NetName=+5V Pin=DA2.1-3
Added Pin To Net: NetName=+5V Pin=DA2.2-1
Added Pin To Net: NetName=+5V Pin=DA2.2-3
Added Pin To Net: NetName=+5V Pin=DA4-6
Added Pin To Net: NetName=+5V Pin=DA5-1
Added Pin To Net: NetName=+5V Pin=DA6-1
Added Pin To Net: NetName=+5V Pin=L1-2
Added Pin To Net: NetName=+5V Pin=R2.1-2
Added Pin To Net: NetName=+5V Pin=R2.2-2
Added Pin To Net: NetName=+5V Pin=R6.1-2
Added Pin To Net: NetName=+5V Pin=R6.2-2
Added Pin To Net: NetName=+5V Pin=R9.1-2
Added Pin To Net: NetName=+5V Pin=R9.2-2
Added Pin To Net: NetName=+5V Pin=R13.1-2
Added Pin To Net: NetName=+5V Pin=R13.2-2
Added Pin To Net: NetName=+5V Pin=R36-2
Added Pin To Net: NetName=+5V Pin=X5-3
Added Pin To Net: NetName=+5V Pin=X6-3
Added Pin To Net: NetName=+5V Pin=X7-3
Added Pin To Net: NetName=+5V Pin=XP1.1-5
Added Pin To Net: NetName=+5V Pin=XP1.1-9
Added Pin To Net: NetName=+5V Pin=XP1.2-5
Added Pin To Net: NetName=+5V Pin=XP1.2-9
Added Net: Name=+5V
Added Pin To Net: NetName=+12V_CAN Pin=C3-1
Added Pin To Net: NetName=+12V_CAN Pin=C5.1-1
Added Pin To Net: NetName=+12V_CAN Pin=DA3-3
Added Pin To Net: NetName=+12V_CAN Pin=X2-4
Added Pin To Net: NetName=+12V_CAN Pin=X3-4
Added Pin To Net: NetName=+12V_CAN Pin=X8-4
Added Net: Name=+12V_CAN
Added Pin To Net: NetName=+24V_SAFE Pin=C8-1
Added Pin To Net: NetName=+24V_SAFE Pin=C9-1
Added Pin To Net: NetName=+24V_SAFE Pin=DA4-2
Added Pin To Net: NetName=+24V_SAFE Pin=R18-2
Added Pin To Net: NetName=+24V_SAFE Pin=VD1-1
Added Pin To Net: NetName=+24V_SAFE Pin=VD2-1
Added Pin To Net: NetName=+24V_SAFE Pin=X4-1
Added Net: Name=+24V_SAFE
Added Pin To Net: NetName=GND_CAN Pin=C1-2
Added Pin To Net: NetName=GND_CAN Pin=C2-2
Added Pin To Net: NetName=GND_CAN Pin=C3-2
Added Pin To Net: NetName=GND_CAN Pin=C5.1-2
Added Pin To Net: NetName=GND_CAN Pin=C6-2
Added Pin To Net: NetName=GND_CAN Pin=C6.1-2
Added Pin To Net: NetName=GND_CAN Pin=C26-2
Added Pin To Net: NetName=GND_CAN Pin=C27-2
Added Pin To Net: NetName=GND_CAN Pin=DA3-2
Added Pin To Net: NetName=GND_CAN Pin=DA3-2
Added Pin To Net: NetName=GND_CAN Pin=DD1-2
Added Pin To Net: NetName=GND_CAN Pin=DD1-8
Added Pin To Net: NetName=GND_CAN Pin=DD2-4
Added Pin To Net: NetName=GND_CAN Pin=DD5-2
Added Pin To Net: NetName=GND_CAN Pin=DD5-8
Added Pin To Net: NetName=GND_CAN Pin=DD6-4
Added Pin To Net: NetName=GND_CAN Pin=X2-3
Added Pin To Net: NetName=GND_CAN Pin=X3-3
Added Pin To Net: NetName=GND_CAN Pin=X8-3
Added Net: Name=GND_CAN
Added Pin To Net: NetName=GND_QZ Pin=C15-1
Added Pin To Net: NetName=GND_QZ Pin=C16-1
Added Pin To Net: NetName=GND_QZ Pin=VJ1-2
Added Net: Name=GND_QZ
Added Pin To Net: NetName=GND Pin=C8-2
Added Pin To Net: NetName=GND Pin=C9-2
Added Pin To Net: NetName=GND Pin=C10-2
Added Pin To Net: NetName=GND Pin=C11-2
Added Pin To Net: NetName=GND Pin=C12-2
Added Pin To Net: NetName=GND Pin=C13-2
Added Pin To Net: NetName=GND Pin=C14-2
Added Pin To Net: NetName=GND Pin=C17-2
Added Pin To Net: NetName=GND Pin=C18-2
Added Pin To Net: NetName=GND Pin=C19-2
Added Pin To Net: NetName=GND Pin=C20-2
Added Pin To Net: NetName=GND Pin=C21-2
Added Pin To Net: NetName=GND Pin=C22-2
Added Pin To Net: NetName=GND Pin=C23-2
Added Pin To Net: NetName=GND Pin=C24-2
Added Pin To Net: NetName=GND Pin=C25-2
Added Pin To Net: NetName=GND Pin=DA1.1-5
Added Pin To Net: NetName=GND Pin=DA1.1-7
Added Pin To Net: NetName=GND Pin=DA1.2-5
Added Pin To Net: NetName=GND Pin=DA1.2-7
Added Pin To Net: NetName=GND Pin=DA2.1-5
Added Pin To Net: NetName=GND Pin=DA2.1-7
Added Pin To Net: NetName=GND Pin=DA2.2-5
Added Pin To Net: NetName=GND Pin=DA2.2-7
Added Pin To Net: NetName=GND Pin=DA4-4
Added Pin To Net: NetName=GND Pin=DA4-4
Added Pin To Net: NetName=GND Pin=DA5-2
Added Pin To Net: NetName=GND Pin=DA5-2
Added Pin To Net: NetName=GND Pin=DA6-7
Added Pin To Net: NetName=GND Pin=DD2-5
Added Pin To Net: NetName=GND Pin=DD3-8
Added Pin To Net: NetName=GND Pin=DD3-12
Added Pin To Net: NetName=GND Pin=DD4-12
Added Pin To Net: NetName=GND Pin=DD4-18
Added Pin To Net: NetName=GND Pin=DD4-28
Added Pin To Net: NetName=GND Pin=DD4-31
Added Pin To Net: NetName=GND Pin=DD4-47
Added Pin To Net: NetName=GND Pin=DD4-60
Added Pin To Net: NetName=GND Pin=DD4-63
Added Pin To Net: NetName=GND Pin=DD6-5
Added Pin To Net: NetName=GND Pin=SA1-1
Added Pin To Net: NetName=GND Pin=SA1-3
Added Pin To Net: NetName=GND Pin=SA2-1
Added Pin To Net: NetName=GND Pin=SA2-3
Added Pin To Net: NetName=GND Pin=SA3-2
Added Pin To Net: NetName=GND Pin=SA3-4
Added Pin To Net: NetName=GND Pin=SA3-6
Added Pin To Net: NetName=GND Pin=SA3-8
Added Pin To Net: NetName=GND Pin=VD2-2
Added Pin To Net: NetName=GND Pin=VD3-2
Added Pin To Net: NetName=GND Pin=VD4-2
Added Pin To Net: NetName=GND Pin=VD5-2
Added Pin To Net: NetName=GND Pin=VD10-2
Added Pin To Net: NetName=GND Pin=VD11-2
Added Pin To Net: NetName=GND Pin=VD12-2
Added Pin To Net: NetName=GND Pin=VJ1-1
Added Pin To Net: NetName=GND Pin=X5-1
Added Pin To Net: NetName=GND Pin=X6-1
Added Pin To Net: NetName=GND Pin=X7-1
Added Pin To Net: NetName=GND Pin=XJ1-1
Added Pin To Net: NetName=GND Pin=XJ1-4
Added Pin To Net: NetName=GND Pin=XP1.1-1
Added Pin To Net: NetName=GND Pin=XP1.1-3
Added Pin To Net: NetName=GND Pin=XP1.1-6
Added Pin To Net: NetName=GND Pin=XP1.1-10
Added Pin To Net: NetName=GND Pin=XP1.1-11
Added Pin To Net: NetName=GND Pin=XP1.2-1
Added Pin To Net: NetName=GND Pin=XP1.2-3
Added Pin To Net: NetName=GND Pin=XP1.2-6
Added Pin To Net: NetName=GND Pin=XP1.2-10
Added Pin To Net: NetName=GND Pin=XP1.2-11
Added Pin To Net: NetName=GND Pin=XU1-1
Added Pin To Net: NetName=GND Pin=XU2-1
Added Net: Name=GND
Added Pin To Net: NetName=NetC1_1 Pin=C1-1
Added Pin To Net: NetName=NetC1_1 Pin=DD1-5
Added Pin To Net: NetName=NetC1_1 Pin=R15-2
Added Pin To Net: NetName=NetC1_1 Pin=R16-2
Added Net: Name=NetC1_1
Added Pin To Net: NetName=NetC2_1 Pin=C2-1
Added Pin To Net: NetName=NetC2_1 Pin=DD1-4
Added Pin To Net: NetName=NetC2_1 Pin=DD2-3
Added Net: Name=NetC2_1
Added Pin To Net: NetName=NetC7_1 Pin=C7-1
Added Pin To Net: NetName=NetC7_1 Pin=DA4-3
Added Net: Name=NetC7_1
Added Pin To Net: NetName=NetC7_2 Pin=C7-2
Added Pin To Net: NetName=NetC7_2 Pin=DA4-1
Added Pin To Net: NetName=NetC7_2 Pin=L1-1
Added Pin To Net: NetName=NetC7_2 Pin=VD3-1
Added Net: Name=NetC7_2
Added Pin To Net: NetName=NetC15_2 Pin=C15-2
Added Pin To Net: NetName=NetC15_2 Pin=DD4-5
Added Pin To Net: NetName=NetC15_2 Pin=ZQ1-1
Added Net: Name=NetC15_2
Added Pin To Net: NetName=NetC16_2 Pin=C16-2
Added Pin To Net: NetName=NetC16_2 Pin=DD4-6
Added Pin To Net: NetName=NetC16_2 Pin=ZQ1-2
Added Net: Name=NetC16_2
Added Pin To Net: NetName=NetC18_1 Pin=C18-1
Added Pin To Net: NetName=NetC18_1 Pin=C19-1
Added Pin To Net: NetName=NetC18_1 Pin=DD4-13
Added Pin To Net: NetName=NetC18_1 Pin=L2-2
Added Net: Name=NetC18_1
Added Pin To Net: NetName=NetC26_1 Pin=C26-1
Added Pin To Net: NetName=NetC26_1 Pin=DD5-5
Added Pin To Net: NetName=NetC26_1 Pin=R38-2
Added Pin To Net: NetName=NetC26_1 Pin=R39-2
Added Net: Name=NetC26_1
Added Pin To Net: NetName=NetC27_1 Pin=C27-1
Added Pin To Net: NetName=NetC27_1 Pin=DD5-4
Added Pin To Net: NetName=NetC27_1 Pin=DD6-3
Added Net: Name=NetC27_1
Added Pin To Net: NetName=NetDA1.1_2 Pin=DA1.1-2
Added Pin To Net: NetName=NetDA1.1_2 Pin=R2.1-1
Added Pin To Net: NetName=NetDA1.1_2 Pin=R3.1-2
Added Net: Name=NetDA1.1_2
Added Pin To Net: NetName=NetDA1.1_4 Pin=DA1.1-4
Added Pin To Net: NetName=NetDA1.1_4 Pin=R6.1-1
Added Pin To Net: NetName=NetDA1.1_4 Pin=R7.1-2
Added Net: Name=NetDA1.1_4
Added Pin To Net: NetName=NetDA1.1_6 Pin=DA1.1-6
Added Pin To Net: NetName=NetDA1.1_6 Pin=DD3-1
Added Pin To Net: NetName=NetDA1.1_6 Pin=R5.1-1
Added Net: Name=NetDA1.1_6
Added Pin To Net: NetName=NetDA1.1_8 Pin=DA1.1-8
Added Pin To Net: NetName=NetDA1.1_8 Pin=DD3-2
Added Pin To Net: NetName=NetDA1.1_8 Pin=R1.1-1
Added Net: Name=NetDA1.1_8
Added Pin To Net: NetName=NetDA1.2_2 Pin=DA1.2-2
Added Pin To Net: NetName=NetDA1.2_2 Pin=R2.2-1
Added Pin To Net: NetName=NetDA1.2_2 Pin=R3.2-2
Added Net: Name=NetDA1.2_2
Added Pin To Net: NetName=NetDA1.2_4 Pin=DA1.2-4
Added Pin To Net: NetName=NetDA1.2_4 Pin=R6.2-1
Added Pin To Net: NetName=NetDA1.2_4 Pin=R7.2-2
Added Net: Name=NetDA1.2_4
Added Pin To Net: NetName=NetDA1.2_6 Pin=DA1.2-6
Added Pin To Net: NetName=NetDA1.2_6 Pin=DD3-9
Added Pin To Net: NetName=NetDA1.2_6 Pin=R5.2-1
Added Net: Name=NetDA1.2_6
Added Pin To Net: NetName=NetDA1.2_8 Pin=DA1.2-8
Added Pin To Net: NetName=NetDA1.2_8 Pin=DD3-10
Added Pin To Net: NetName=NetDA1.2_8 Pin=R1.2-1
Added Net: Name=NetDA1.2_8
Added Pin To Net: NetName=NetDA2.1_2 Pin=DA2.1-2
Added Pin To Net: NetName=NetDA2.1_2 Pin=R9.1-1
Added Pin To Net: NetName=NetDA2.1_2 Pin=R10.1-2
Added Net: Name=NetDA2.1_2
Added Pin To Net: NetName=NetDA2.1_4 Pin=DA2.1-4
Added Pin To Net: NetName=NetDA2.1_4 Pin=R13.1-1
Added Pin To Net: NetName=NetDA2.1_4 Pin=R14.1-2
Added Net: Name=NetDA2.1_4
Added Pin To Net: NetName=NetDA2.1_6 Pin=DA2.1-6
Added Pin To Net: NetName=NetDA2.1_6 Pin=DD3-7
Added Pin To Net: NetName=NetDA2.1_6 Pin=R12.1-1
Added Net: Name=NetDA2.1_6
Added Pin To Net: NetName=NetDA2.1_8 Pin=DA2.1-8
Added Pin To Net: NetName=NetDA2.1_8 Pin=DD3-6
Added Pin To Net: NetName=NetDA2.1_8 Pin=R8.1-1
Added Net: Name=NetDA2.1_8
Added Pin To Net: NetName=NetDA2.2_2 Pin=DA2.2-2
Added Pin To Net: NetName=NetDA2.2_2 Pin=R9.2-1
Added Pin To Net: NetName=NetDA2.2_2 Pin=R10.2-2
Added Net: Name=NetDA2.2_2
Added Pin To Net: NetName=NetDA2.2_4 Pin=DA2.2-4
Added Pin To Net: NetName=NetDA2.2_4 Pin=R13.2-1
Added Pin To Net: NetName=NetDA2.2_4 Pin=R14.2-2
Added Net: Name=NetDA2.2_4
Added Pin To Net: NetName=NetDA2.2_6 Pin=DA2.2-6
Added Pin To Net: NetName=NetDA2.2_6 Pin=DD3-15
Added Pin To Net: NetName=NetDA2.2_6 Pin=R12.2-1
Added Net: Name=NetDA2.2_6
Added Pin To Net: NetName=NetDA2.2_8 Pin=DA2.2-8
Added Pin To Net: NetName=NetDA2.2_8 Pin=DD3-14
Added Pin To Net: NetName=NetDA2.2_8 Pin=R8.2-1
Added Net: Name=NetDA2.2_8
Added Pin To Net: NetName=NetDA6_2 Pin=DA6-2
Added Pin To Net: NetName=NetDA6_2 Pin=R36-1
Added Pin To Net: NetName=NetDA6_2 Pin=R37-2
Added Net: Name=NetDA6_2
Added Pin To Net: NetName=NetDA6_8 Pin=DA6-8
Added Pin To Net: NetName=NetDA6_8 Pin=DD4-14
Added Pin To Net: NetName=NetDA6_8 Pin=R35-1
Added Pin To Net: NetName=NetDA6_8 Pin=VD13-2
Added Net: Name=NetDA6_8
Added Pin To Net: NetName=NetDD1_1 Pin=DD1-1
Added Pin To Net: NetName=NetDD1_1 Pin=DD2-2
Added Net: Name=NetDD1_1
Added Pin To Net: NetName=NetDD1_6 Pin=DD1-6
Added Pin To Net: NetName=NetDD1_6 Pin=X1-3
Added Pin To Net: NetName=NetDD1_6 Pin=X2-2
Added Pin To Net: NetName=NetDD1_6 Pin=X3-2
Added Net: Name=NetDD1_6
Added Pin To Net: NetName=NetDD1_7 Pin=DD1-7
Added Pin To Net: NetName=NetDD1_7 Pin=X1-1
Added Pin To Net: NetName=NetDD1_7 Pin=X2-1
Added Pin To Net: NetName=NetDD1_7 Pin=X3-1
Added Net: Name=NetDD1_7
Added Pin To Net: NetName=NetDD2_6 Pin=DD2-6
Added Pin To Net: NetName=NetDD2_6 Pin=DD4-61
Added Net: Name=NetDD2_6
Added Pin To Net: NetName=NetDD2_7 Pin=DD2-7
Added Pin To Net: NetName=NetDD2_7 Pin=DD4-62
Added Pin To Net: NetName=NetDD2_7 Pin=R17-1
Added Net: Name=NetDD2_7
Added Pin To Net: NetName=NetDD3_3 Pin=DD3-3
Added Pin To Net: NetName=NetDD3_3 Pin=DD4-37
Added Pin To Net: NetName=NetDD3_3 Pin=VD9-2
Added Net: Name=NetDD3_3
Added Pin To Net: NetName=NetDD3_4 Pin=DD3-4
Added Pin To Net: NetName=NetDD3_4 Pin=DD3-16
Added Pin To Net: NetName=NetDD3_4 Pin=R24-1
Added Net: Name=NetDD3_4
Added Pin To Net: NetName=NetDD3_5 Pin=DD3-5
Added Pin To Net: NetName=NetDD3_5 Pin=DD4-38
Added Pin To Net: NetName=NetDD3_5 Pin=VD8-2
Added Net: Name=NetDD3_5
Added Pin To Net: NetName=NetDD3_11 Pin=DD3-11
Added Pin To Net: NetName=NetDD3_11 Pin=DD4-41
Added Pin To Net: NetName=NetDD3_11 Pin=VD7-2
Added Net: Name=NetDD3_11
Added Pin To Net: NetName=NetDD3_13 Pin=DD3-13
Added Pin To Net: NetName=NetDD3_13 Pin=DD4-42
Added Pin To Net: NetName=NetDD3_13 Pin=VD6-2
Added Net: Name=NetDD3_13
Added Pin To Net: NetName=NetDD4_9 Pin=DD4-9
Added Pin To Net: NetName=NetDD4_9 Pin=R27-1
Added Net: Name=NetDD4_9
Added Pin To Net: NetName=NetDD4_10 Pin=DD4-10
Added Pin To Net: NetName=NetDD4_10 Pin=R26-2
Added Net: Name=NetDD4_10
Added Pin To Net: NetName=NetDD4_11 Pin=DD4-11
Added Pin To Net: NetName=NetDD4_11 Pin=R29-2
Added Net: Name=NetDD4_11
Added Pin To Net: NetName=NetDD4_51 Pin=DD4-51
Added Pin To Net: NetName=NetDD4_51 Pin=R30-1
Added Pin To Net: NetName=NetDD4_51 Pin=SA3-7
Added Net: Name=NetDD4_51
Added Pin To Net: NetName=NetDD4_52 Pin=DD4-52
Added Pin To Net: NetName=NetDD4_52 Pin=R31-1
Added Pin To Net: NetName=NetDD4_52 Pin=SA3-5
Added Net: Name=NetDD4_52
Added Pin To Net: NetName=NetDD4_53 Pin=DD4-53
Added Pin To Net: NetName=NetDD4_53 Pin=R32-1
Added Pin To Net: NetName=NetDD4_53 Pin=SA3-3
Added Net: Name=NetDD4_53
Added Pin To Net: NetName=NetDD4_54 Pin=DD4-54
Added Pin To Net: NetName=NetDD4_54 Pin=R33-1
Added Pin To Net: NetName=NetDD4_54 Pin=SA3-1
Added Net: Name=NetDD4_54
Added Pin To Net: NetName=NetDD4_55 Pin=DD4-55
Added Pin To Net: NetName=NetDD4_55 Pin=R28-1
Added Pin To Net: NetName=NetDD4_55 Pin=SA1-2
Added Pin To Net: NetName=NetDD4_55 Pin=SA1-4
Added Net: Name=NetDD4_55
Added Pin To Net: NetName=NetDD4_57 Pin=DD4-57
Added Pin To Net: NetName=NetDD4_57 Pin=DD6-6
Added Net: Name=NetDD4_57
Added Pin To Net: NetName=NetDD4_58 Pin=DD4-58
Added Pin To Net: NetName=NetDD4_58 Pin=DD6-7
Added Pin To Net: NetName=NetDD4_58 Pin=R40-1
Added Net: Name=NetDD4_58
Added Pin To Net: NetName=NetDD5_1 Pin=DD5-1
Added Pin To Net: NetName=NetDD5_1 Pin=DD6-2
Added Net: Name=NetDD5_1
Added Pin To Net: NetName=NetDD5_6 Pin=DD5-6
Added Pin To Net: NetName=NetDD5_6 Pin=R39-1
Added Pin To Net: NetName=NetDD5_6 Pin=X8-2
Added Net: Name=NetDD5_6
Added Pin To Net: NetName=NetDD5_7 Pin=DD5-7
Added Pin To Net: NetName=NetDD5_7 Pin=R38-1
Added Pin To Net: NetName=NetDD5_7 Pin=X8-1
Added Net: Name=NetDD5_7
Added Pin To Net: NetName=NetFA1_1 Pin=FA1-1
Added Pin To Net: NetName=NetFA1_1 Pin=XU1-2
Added Pin To Net: NetName=NetFA1_1 Pin=XU2-2
Added Net: Name=NetFA1_1
Added Pin To Net: NetName=NetFA1_2 Pin=FA1-2
Added Pin To Net: NetName=NetFA1_2 Pin=VD1-2
Added Net: Name=NetFA1_2
Added Pin To Net: NetName=NetR3.1_1 Pin=R3.1-1
Added Pin To Net: NetName=NetR3.1_1 Pin=R4.1-2
Added Pin To Net: NetName=NetR3.1_1 Pin=XP1.1-8
Added Net: Name=NetR3.1_1
Added Pin To Net: NetName=NetR3.2_1 Pin=R3.2-1
Added Pin To Net: NetName=NetR3.2_1 Pin=R4.2-2
Added Pin To Net: NetName=NetR3.2_1 Pin=XP1.2-8
Added Net: Name=NetR3.2_1
Added Pin To Net: NetName=NetR4.1_1 Pin=R4.1-1
Added Pin To Net: NetName=NetR4.1_1 Pin=R7.1-1
Added Pin To Net: NetName=NetR4.1_1 Pin=XP1.1-4
Added Net: Name=NetR4.1_1
Added Pin To Net: NetName=NetR4.2_1 Pin=R4.2-1
Added Pin To Net: NetName=NetR4.2_1 Pin=R7.2-1
Added Pin To Net: NetName=NetR4.2_1 Pin=XP1.2-4
Added Net: Name=NetR4.2_1
Added Pin To Net: NetName=NetR10.1_1 Pin=R10.1-1
Added Pin To Net: NetName=NetR10.1_1 Pin=R11.1-2
Added Pin To Net: NetName=NetR10.1_1 Pin=XP1.1-7
Added Net: Name=NetR10.1_1
Added Pin To Net: NetName=NetR10.2_1 Pin=R10.2-1
Added Pin To Net: NetName=NetR10.2_1 Pin=R11.2-2
Added Pin To Net: NetName=NetR10.2_1 Pin=XP1.2-7
Added Net: Name=NetR10.2_1
Added Pin To Net: NetName=NetR11.1_1 Pin=R11.1-1
Added Pin To Net: NetName=NetR11.1_1 Pin=R14.1-1
Added Pin To Net: NetName=NetR11.1_1 Pin=XP1.1-2
Added Net: Name=NetR11.1_1
Added Pin To Net: NetName=NetR11.2_1 Pin=R11.2-1
Added Pin To Net: NetName=NetR11.2_1 Pin=R14.2-1
Added Pin To Net: NetName=NetR11.2_1 Pin=XP1.2-2
Added Net: Name=NetR11.2_1
Added Pin To Net: NetName=NetR15_1 Pin=R15-1
Added Pin To Net: NetName=NetR15_1 Pin=X1-2
Added Net: Name=NetR15_1
Added Pin To Net: NetName=NetR16_1 Pin=R16-1
Added Pin To Net: NetName=NetR16_1 Pin=X1-4
Added Net: Name=NetR16_1
Added Pin To Net: NetName=NetR18_1 Pin=R18-1
Added Pin To Net: NetName=NetR18_1 Pin=VD4-1
Added Net: Name=NetR18_1
Added Pin To Net: NetName=NetR19_1 Pin=R19-1
Added Pin To Net: NetName=NetR19_1 Pin=VD5-1
Added Net: Name=NetR19_1
Added Pin To Net: NetName=NetR20_2 Pin=R20-2
Added Pin To Net: NetName=NetR20_2 Pin=VD6-1
Added Net: Name=NetR20_2
Added Pin To Net: NetName=NetR21_1 Pin=R21-1
Added Pin To Net: NetName=NetR21_1 Pin=VD7-1
Added Net: Name=NetR21_1
Added Pin To Net: NetName=NetR22_2 Pin=R22-2
Added Pin To Net: NetName=NetR22_2 Pin=VD8-1
Added Net: Name=NetR22_2
Added Pin To Net: NetName=NetR23_2 Pin=R23-2
Added Pin To Net: NetName=NetR23_2 Pin=VD9-1
Added Net: Name=NetR23_2
Added Pin To Net: NetName=NetR26_1 Pin=R26-1
Added Pin To Net: NetName=NetR26_1 Pin=VD11-1
Added Net: Name=NetR26_1
Added Pin To Net: NetName=NetR27_2 Pin=R27-2
Added Pin To Net: NetName=NetR27_2 Pin=VD10-1
Added Net: Name=NetR27_2
Added Pin To Net: NetName=NetR29_1 Pin=R29-1
Added Pin To Net: NetName=NetR29_1 Pin=VD12-1
Added Net: Name=NetR29_1
Added Pin To Net: NetName=NetR34_2 Pin=R34-2
Added Pin To Net: NetName=NetR34_2 Pin=VD13-1
Added Net: Name=NetR34_2
Added Pin To Net: NetName=NetR37_1 Pin=R37-1
Added Net: Name=NetR37_1
Added Pin To Net: NetName=NetX4_2 Pin=X4-2
Added Pin To Net: NetName=NetX4_2 Pin=X4-3
Added Net: Name=NetX4_2
Added Pin To Net: NetName=NRST Pin=C17-1
Added Pin To Net: NetName=NRST Pin=DD4-7
Added Pin To Net: NetName=NRST Pin=R26-1
Added Pin To Net: NetName=NRST Pin=SA2-2
Added Pin To Net: NetName=NRST Pin=SA2-4
Added Pin To Net: NetName=NRST Pin=XJ1-3
Added Net: Name=NRST
Added Pin To Net: NetName=TCK Pin=DD4-49
Added Pin To Net: NetName=TCK Pin=XJ1-5
Added Net: Name=TCK
Added Pin To Net: NetName=TMS Pin=DD4-46
Added Pin To Net: NetName=TMS Pin=XJ1-2
Added Net: Name=TMS
Added Member To Class: ClassName=CAN Member=Component C3 100mk x 25 Â
Added Member To Class: ClassName=POWER_SUPPLY Member=Component C13 *
Added Member To Class: ClassName=Main Member=Component C14 *
Added Member To Class: ClassName=CAN_ASI Member=Component C27 *
Added Member To Class: ClassName=Main Member=Component R26 (R28) *
Added Member To Class: ClassName=POWER_SUPPLY Member=Component VD5 KP-3216MGC
Added Member To Class: ClassName=Main Member=Component X4 8EDGVC-3.5-03P-19-00A(H)
Added Member To Class: ClassName=Main Member=Component X5 8EDGVC-3.5-03P-19-00A(H)
Added Member To Class: ClassName=Main Member=Component X6 8EDGVC-3.5-03P-19-00A(H)
Added Member To Class: ClassName=Main Member=Component X7 8EDGVC-3.5-03P-19-00A(H)
