Change Physical Footprint: Designator=C15 Old Footprint=0805 New Footprint=0805
Change Physical Footprint: Designator=C16 Old Footprint=0805 New Footprint=0805
Change Physical Footprint: Designator=C18 Old Footprint=CAP_TYPE_A New Footprint=CAP_TYPE_A
Change Physical Footprint: Designator=C19 Old Footprint=0805 New Footprint=0805
Change Physical Footprint: Designator=C20 Old Footprint=0805 New Footprint=0805
Change Physical Footprint: Designator=C21 Old Footprint=0805 New Footprint=0805
Change Physical Footprint: Designator=C23 Old Footprint=0805 New Footprint=0805
Change Physical Footprint: Designator=DA1 Old Footprint=SOT-89 New Footprint=SOT-89
Change Physical Footprint: Designator=DD4 Old Footprint=SO-8 New Footprint=SO-8
Change Physical Footprint: Designator=DD5 Old Footprint=SO-8 New Footprint=SO-8
Change Physical Footprint: Designator=R1 Old Footprint=0805 New Footprint=0805
Change Physical Footprint: Designator=R2 Old Footprint=0805 New Footprint=0805
Change Physical Footprint: Designator=R3 Old Footprint=0805 New Footprint=0805
Change Physical Footprint: Designator=R12 Old Footprint=0805 New Footprint=0805
Change Physical Footprint: Designator=R18 Old Footprint=0805 New Footprint=0805
Change Physical Footprint: Designator=R19 Old Footprint=0805 New Footprint=0805
Change Physical Footprint: Designator=R20 Old Footprint=0805 New Footprint=0805
Change Physical Footprint: Designator=R21 Old Footprint=0805 New Footprint=0805
Change Physical Footprint: Designator=R27 Old Footprint=0805 New Footprint=0805
Change Physical Footprint: Designator=R28 Old Footprint=0805 New Footprint=0805
Change Physical Footprint: Designator=VJ1 Old Footprint=Virtual Jumper New Footprint=Virtual Jumper
