Removed Pin From Net: NetName=NetR19_1 Pin=R19-1
Removed Pin From Net: NetName=GND Pin=R19-2
Removed Pin From Net: NetName=NetDD3_7 Pin=XP1-2
Removed Pin From Net: NetName=NetDD3_6 Pin=XP1-3
Removed Pin From Net: NetName=NetDD3_2 Pin=XP1-4
Removed Pin From Net: NetName=NetDD3_1 Pin=XP1-5
Removed Pin From Net: NetName=NetDA4_2 Pin=XP1-6
Removed Pin From Net: NetName=NetVD13_2 Pin=XP1-7
Removed Pin From Net: NetName=NetVD14_2 Pin=XP1-8
Removed Pin From Net: NetName=NetVD15_2 Pin=XP1-9
Removed Pin From Net: NetName=GND Pin=XU2-1
Removed Pin From Net: NetName=NetFA1_1 Pin=XU2-2
Removed Member From Class: ClassName=Digital_In_Common Member=R12
Removed Member From Class: ClassName=Digital_In_Common Member=R13
Removed Member From Class: ClassName=CAN_ASI Member=R23
Removed Member From Class: ClassName=CAN_ASI Member=R24
Removed Member From Class: ClassName=Main Member=R31
Removed Member From Class: ClassName=Main Member=R32
Removed Member From Class: ClassName=Main Member=R33
Removed Member From Class: ClassName=Main Member=R34
Removed Member From Class: ClassName=Main Member=VD16
Change Component Comment : Designator=FA1 Old Comment= New Comment=3,7 À
Change Component Comment : Designator=C9 Old Comment= New Comment=*
Change Component Comment : Designator=XU1 Old Comment= New Comment=MF-2MA
Added Component: Designator=R19(0805)
Added Component: Designator=XU2(MF-2MA)
Added Pin To Net: NetName=NetR19_1 Pin=R19-1
Added Pin To Net: NetName=GND Pin=R19-2
Added Pin To Net: NetName=NetDA4_2 Pin=XP1-2
Added Pin To Net: NetName=NetVD13_2 Pin=XP1-3
Added Pin To Net: NetName=NetVD14_2 Pin=XP1-4
Added Pin To Net: NetName=NetVD15_2 Pin=XP1-5
Added Pin To Net: NetName=NetDD3_7 Pin=XP1-7
Added Pin To Net: NetName=NetDD3_6 Pin=XP1-8
Added Pin To Net: NetName=NetDD3_2 Pin=XP1-9
Added Pin To Net: NetName=NetDD3_1 Pin=XP1-10
Added Pin To Net: NetName=GND Pin=XU2-1
Added Pin To Net: NetName=NetFA1_1 Pin=XU2-2
Added Member To Class: ClassName=Main Member=Component C24 *
Added Member To Class: ClassName=Main Member=Component R11 *
Added Member To Class: ClassName=Main Member=Component R18 *
Added Member To Class: ClassName=Main Member=Component R19 *
Added Member To Class: ClassName=Main Member=Component R21 *
Added Member To Class: ClassName=Digital_In_Common Member=Component R29 *
Added Member To Class: ClassName=Digital_In_Common Member=Component R30 *
Added Member To Class: ClassName=CAN_ASI Member=Component R33 *
Added Member To Class: ClassName=CAN_ASI Member=Component R34 *
Added Member To Class: ClassName=Main Member=Component VD13 KP-3216MGC
Added Member To Class: ClassName=Main Member=Component XU2 MF-2MA
