Removed Member From Class: ClassName=CAN_ASI Member=R15
Change Component DesignItemId : Designator=ZQ1 Old DesignItemId=CRYSTAL New DesignItemId=KX-13
Change Component Footprint: Designator=ZQ1 Old Footprint=CRYSTAL New Footprint=KX-13
Change Component Comment : Designator=ZQ1 Old Comment=16 MHz New Comment=KX-13 8 ÌÃö
Change Component Designator: OldDesignator=C18 NewDesignator=C24
Change Component Designator: OldDesignator=C19 NewDesignator=C25
Change Component Designator: OldDesignator=C20 NewDesignator=C18
Change Component Designator: OldDesignator=C21 NewDesignator=C23
Change Component Designator: OldDesignator=C23 NewDesignator=C21
Change Component Designator: OldDesignator=C24 NewDesignator=C20
Change Component Designator: OldDesignator=C25 NewDesignator=C19
Change Component Designator: OldDesignator=DA3 NewDesignator=DA1
Change Component Designator: OldDesignator=DA4 NewDesignator=DA2
Change Component Designator: OldDesignator=DA5 NewDesignator=DA3
Change Component Designator: OldDesignator=DA6 NewDesignator=DA4
Change Component Designator: OldDesignator=DD5 NewDesignator=DD4
Change Component Designator: OldDesignator=DD6 NewDesignator=DD5
Change Component Designator: OldDesignator=R15 NewDesignator=R1
Change Component Designator: OldDesignator=R16 NewDesignator=R2
Change Component Designator: OldDesignator=R17 NewDesignator=R3
Change Component Designator: OldDesignator=R18 NewDesignator=R4
Change Component Designator: OldDesignator=R19 NewDesignator=R5
Change Component Designator: OldDesignator=R20 NewDesignator=R6
Change Component Designator: OldDesignator=R22 NewDesignator=R8
Change Component Designator: OldDesignator=R23 NewDesignator=R9
Change Component Designator: OldDesignator=R24 NewDesignator=R10
Change Component Designator: OldDesignator=R26 NewDesignator=R12
Change Component Designator: OldDesignator=R27 NewDesignator=R15
Change Component Designator: OldDesignator=R29 NewDesignator=R17
Change Component Designator: OldDesignator=R30 NewDesignator=R18
Change Component Designator: OldDesignator=R31 NewDesignator=R19
Change Component Designator: OldDesignator=R32 NewDesignator=R20
Change Component Designator: OldDesignator=R33 NewDesignator=R21
Change Component Designator: OldDesignator=R34 NewDesignator=R23
Change Component Designator: OldDesignator=R35 NewDesignator=R24
Change Component Designator: OldDesignator=R36 NewDesignator=R25
Change Component Designator: OldDesignator=R37 NewDesignator=R22
Change Component Designator: OldDesignator=R38 NewDesignator=R26
Change Component Designator: OldDesignator=R39 NewDesignator=R27
Change Component Designator: OldDesignator=R40 NewDesignator=R28
Change Component Designator: OldDesignator=SA1 NewDesignator=SA2
Change Component Designator: OldDesignator=SA2 NewDesignator=SA1
Added Component: Designator=R7(1206)
Added Component: Designator=R13(0805)
Added Component: Designator=R14(0805)
Added Component: Designator=U1(STM-LQFP100_V)
Added Component: Designator=X4(8EDGVC-2.5-04P)
Added Component: Designator=X5(8EDGVC-2.5-04P)
Added Component: Designator=X6(8EDGVC-2.5-04P)
Added Component: Designator=X7(8EDGVC-2.5-04P)
Added Component: Designator=XP1(DB-9M)
Added Component: Designator=XP2(DB-9M)
Added Pin To Net: NetName=+3.3V Pin=C12-1
Added Pin To Net: NetName=+3.3V Pin=C13-1
Added Pin To Net: NetName=+3.3V Pin=C18-1
Added Pin To Net: NetName=+3.3V Pin=C19-1
Added Pin To Net: NetName=+3.3V Pin=C20-1
Added Pin To Net: NetName=+3.3V Pin=C21-1
Added Pin To Net: NetName=+3.3V Pin=C22-1
Added Pin To Net: NetName=+3.3V Pin=C23-1
Added Pin To Net: NetName=+3.3V Pin=DA3-3
Added Pin To Net: NetName=+3.3V Pin=DD2-8
Added Pin To Net: NetName=+3.3V Pin=DD3-16
Added Pin To Net: NetName=+3.3V Pin=DD5-8
Added Pin To Net: NetName=+3.3V Pin=L2-1
Added Pin To Net: NetName=+3.3V Pin=R3-2
Added Pin To Net: NetName=+3.3V Pin=R5-2
Added Pin To Net: NetName=+3.3V Pin=R6-1
Added Pin To Net: NetName=+3.3V Pin=R7-2
Added Pin To Net: NetName=+3.3V Pin=R8-1
Added Pin To Net: NetName=+3.3V Pin=R9-1
Added Pin To Net: NetName=+3.3V Pin=R10-2
Added Pin To Net: NetName=+3.3V Pin=R12-2
Added Pin To Net: NetName=+3.3V Pin=R18-2
Added Pin To Net: NetName=+3.3V Pin=R19-2
Added Pin To Net: NetName=+3.3V Pin=R20-2
Added Pin To Net: NetName=+3.3V Pin=R21-2
Added Pin To Net: NetName=+3.3V Pin=R23-1
Added Pin To Net: NetName=+3.3V Pin=R24-2
Added Pin To Net: NetName=+3.3V Pin=R28-2
Added Pin To Net: NetName=+3.3V Pin=R28-2
Added Pin To Net: NetName=+3.3V Pin=U1-6
Added Pin To Net: NetName=+3.3V Pin=U1-11
Added Pin To Net: NetName=+3.3V Pin=U1-19
Added Pin To Net: NetName=+3.3V Pin=U1-28
Added Pin To Net: NetName=+3.3V Pin=U1-50
Added Pin To Net: NetName=+3.3V Pin=U1-75
Added Pin To Net: NetName=+3.3V Pin=U1-100
Added Pin To Net: NetName=+3.3V Pin=XJ1-6
Added Net: Name=+3.3V
Added Pin To Net: NetName=+5V_CAN Pin=C6-1
Added Pin To Net: NetName=+5V_CAN Pin=C6.1-1
Added Pin To Net: NetName=+5V_CAN Pin=DA1-1
Added Pin To Net: NetName=+5V_CAN Pin=DD1-3
Added Pin To Net: NetName=+5V_CAN Pin=DD2-1
Added Pin To Net: NetName=+5V_CAN Pin=DD4-3
Added Pin To Net: NetName=+5V_CAN Pin=DD5-1
Added Net: Name=+5V_CAN
Added Pin To Net: NetName=+5V Pin=C10-1
Added Pin To Net: NetName=+5V Pin=C11-1
Added Pin To Net: NetName=+5V Pin=C14-1
Added Pin To Net: NetName=+5V Pin=DA2-6
Added Pin To Net: NetName=+5V Pin=DA3-1
Added Pin To Net: NetName=+5V Pin=L1-2
Added Pin To Net: NetName=+5V Pin=X5-3
Added Pin To Net: NetName=+5V Pin=X6-3
Added Pin To Net: NetName=+5V Pin=X7-3
Added Net: Name=+5V
Added Pin To Net: NetName=+12V_CAN Pin=C3-1
Added Pin To Net: NetName=+12V_CAN Pin=C5.1-1
Added Pin To Net: NetName=+12V_CAN Pin=DA1-3
Added Pin To Net: NetName=+12V_CAN Pin=X2-4
Added Pin To Net: NetName=+12V_CAN Pin=X3-4
Added Pin To Net: NetName=+12V_CAN Pin=X8-4
Added Net: Name=+12V_CAN
Added Pin To Net: NetName=+24V_SAFE Pin=C8-1
Added Pin To Net: NetName=+24V_SAFE Pin=C9-1
Added Pin To Net: NetName=+24V_SAFE Pin=DA2-2
Added Pin To Net: NetName=+24V_SAFE Pin=R4-2
Added Pin To Net: NetName=+24V_SAFE Pin=VD1-1
Added Pin To Net: NetName=+24V_SAFE Pin=VD2-1
Added Pin To Net: NetName=+24V_SAFE Pin=X4-1
Added Net: Name=+24V_SAFE
Added Pin To Net: NetName=GND_CAN Pin=C1-2
Added Pin To Net: NetName=GND_CAN Pin=C2-2
Added Pin To Net: NetName=GND_CAN Pin=C3-2
Added Pin To Net: NetName=GND_CAN Pin=C5.1-2
Added Pin To Net: NetName=GND_CAN Pin=C6-2
Added Pin To Net: NetName=GND_CAN Pin=C6.1-2
Added Pin To Net: NetName=GND_CAN Pin=C26-2
Added Pin To Net: NetName=GND_CAN Pin=C27-2
Added Pin To Net: NetName=GND_CAN Pin=DA1-2
Added Pin To Net: NetName=GND_CAN Pin=DA1-2
Added Pin To Net: NetName=GND_CAN Pin=DD1-2
Added Pin To Net: NetName=GND_CAN Pin=DD1-8
Added Pin To Net: NetName=GND_CAN Pin=DD2-4
Added Pin To Net: NetName=GND_CAN Pin=DD4-2
Added Pin To Net: NetName=GND_CAN Pin=DD4-8
Added Pin To Net: NetName=GND_CAN Pin=DD5-4
Added Pin To Net: NetName=GND_CAN Pin=X2-3
Added Pin To Net: NetName=GND_CAN Pin=X3-3
Added Pin To Net: NetName=GND_CAN Pin=X8-3
Added Net: Name=GND_CAN
Added Pin To Net: NetName=GND_QZ Pin=C15-1
Added Pin To Net: NetName=GND_QZ Pin=C16-1
Added Pin To Net: NetName=GND_QZ Pin=VJ1-2
Added Net: Name=GND_QZ
Added Pin To Net: NetName=GND Pin=C8-2
Added Pin To Net: NetName=GND Pin=C9-2
Added Pin To Net: NetName=GND Pin=C10-2
Added Pin To Net: NetName=GND Pin=C11-2
Added Pin To Net: NetName=GND Pin=C12-2
Added Pin To Net: NetName=GND Pin=C13-2
Added Pin To Net: NetName=GND Pin=C14-2
Added Pin To Net: NetName=GND Pin=C17-2
Added Pin To Net: NetName=GND Pin=C18-2
Added Pin To Net: NetName=GND Pin=C19-2
Added Pin To Net: NetName=GND Pin=C20-2
Added Pin To Net: NetName=GND Pin=C21-2
Added Pin To Net: NetName=GND Pin=C22-2
Added Pin To Net: NetName=GND Pin=C23-2
Added Pin To Net: NetName=GND Pin=C24-2
Added Pin To Net: NetName=GND Pin=C25-2
Added Pin To Net: NetName=GND Pin=DA2-4
Added Pin To Net: NetName=GND Pin=DA2-4
Added Pin To Net: NetName=GND Pin=DA3-2
Added Pin To Net: NetName=GND Pin=DA3-2
Added Pin To Net: NetName=GND Pin=DA4-2
Added Pin To Net: NetName=GND Pin=DA4-7
Added Pin To Net: NetName=GND Pin=DD2-5
Added Pin To Net: NetName=GND Pin=DD3-8
Added Pin To Net: NetName=GND Pin=DD3-12
Added Pin To Net: NetName=GND Pin=DD5-5
Added Pin To Net: NetName=GND Pin=R13-2
Added Pin To Net: NetName=GND Pin=R14-2
Added Pin To Net: NetName=GND Pin=SA1-1
Added Pin To Net: NetName=GND Pin=SA1-3
Added Pin To Net: NetName=GND Pin=SA2-1
Added Pin To Net: NetName=GND Pin=SA2-3
Added Pin To Net: NetName=GND Pin=SA3-2
Added Pin To Net: NetName=GND Pin=SA3-4
Added Pin To Net: NetName=GND Pin=SA3-6
Added Pin To Net: NetName=GND Pin=SA3-8
Added Pin To Net: NetName=GND Pin=U1-10
Added Pin To Net: NetName=GND Pin=U1-20
Added Pin To Net: NetName=GND Pin=U1-27
Added Pin To Net: NetName=GND Pin=U1-74
Added Pin To Net: NetName=GND Pin=U1-94
Added Pin To Net: NetName=GND Pin=U1-99
Added Pin To Net: NetName=GND Pin=VD2-2
Added Pin To Net: NetName=GND Pin=VD3-2
Added Pin To Net: NetName=GND Pin=VD4-2
Added Pin To Net: NetName=GND Pin=VD5-2
Added Pin To Net: NetName=GND Pin=VD10-2
Added Pin To Net: NetName=GND Pin=VD11-2
Added Pin To Net: NetName=GND Pin=VD12-2
Added Pin To Net: NetName=GND Pin=X5-1
Added Pin To Net: NetName=GND Pin=X6-1
Added Pin To Net: NetName=GND Pin=X7-1
Added Pin To Net: NetName=GND Pin=XJ1-1
Added Pin To Net: NetName=GND Pin=XJ1-4
Added Pin To Net: NetName=GND Pin=XU1-1
Added Pin To Net: NetName=GND Pin=XU2-1
Added Net: Name=GND
Added Pin To Net: NetName=NetC1_1 Pin=C1-1
Added Pin To Net: NetName=NetC1_1 Pin=DD1-5
Added Pin To Net: NetName=NetC1_1 Pin=R1-2
Added Pin To Net: NetName=NetC1_1 Pin=R2-2
Added Net: Name=NetC1_1
Added Pin To Net: NetName=NetC2_1 Pin=C2-1
Added Pin To Net: NetName=NetC2_1 Pin=DD1-4
Added Pin To Net: NetName=NetC2_1 Pin=DD2-3
Added Net: Name=NetC2_1
Added Pin To Net: NetName=NetC7_1 Pin=C7-1
Added Pin To Net: NetName=NetC7_1 Pin=DA2-3
Added Net: Name=NetC7_1
Added Pin To Net: NetName=NetC7_2 Pin=C7-2
Added Pin To Net: NetName=NetC7_2 Pin=DA2-1
Added Pin To Net: NetName=NetC7_2 Pin=L1-1
Added Pin To Net: NetName=NetC7_2 Pin=VD3-1
Added Net: Name=NetC7_2
Added Pin To Net: NetName=NetC15_2 Pin=C15-2
Added Pin To Net: NetName=NetC15_2 Pin=U1-12
Added Pin To Net: NetName=NetC15_2 Pin=ZQ1-1
Added Net: Name=NetC15_2
Added Pin To Net: NetName=NetC16_2 Pin=C16-2
Added Pin To Net: NetName=NetC16_2 Pin=U1-13
Added Pin To Net: NetName=NetC16_2 Pin=ZQ1-3
Added Net: Name=NetC16_2
Added Pin To Net: NetName=NetC24_1 Pin=C24-1
Added Pin To Net: NetName=NetC24_1 Pin=C25-1
Added Pin To Net: NetName=NetC24_1 Pin=L2-2
Added Pin To Net: NetName=NetC24_1 Pin=U1-21
Added Pin To Net: NetName=NetC24_1 Pin=U1-22
Added Net: Name=NetC24_1
Added Pin To Net: NetName=NetC26_1 Pin=C26-1
Added Pin To Net: NetName=NetC26_1 Pin=DD4-5
Added Pin To Net: NetName=NetC26_1 Pin=R26-2
Added Pin To Net: NetName=NetC26_1 Pin=R27-2
Added Net: Name=NetC26_1
Added Pin To Net: NetName=NetC27_1 Pin=C27-1
Added Pin To Net: NetName=NetC27_1 Pin=DD4-4
Added Pin To Net: NetName=NetC27_1 Pin=DD5-3
Added Net: Name=NetC27_1
Added Pin To Net: NetName=NetDA4_1 Pin=DA4-1
Added Pin To Net: NetName=NetDA4_1 Pin=R25-1
Added Net: Name=NetDA4_1
Added Pin To Net: NetName=NetDA4_8 Pin=DA4-8
Added Pin To Net: NetName=NetDA4_8 Pin=R24-1
Added Pin To Net: NetName=NetDA4_8 Pin=VD13-2
Added Net: Name=NetDA4_8
Added Pin To Net: NetName=NetDD1_1 Pin=DD1-1
Added Pin To Net: NetName=NetDD1_1 Pin=DD2-2
Added Net: Name=NetDD1_1
Added Pin To Net: NetName=NetDD1_6 Pin=DD1-6
Added Pin To Net: NetName=NetDD1_6 Pin=X1-3
Added Pin To Net: NetName=NetDD1_6 Pin=X2-2
Added Pin To Net: NetName=NetDD1_6 Pin=X3-2
Added Net: Name=NetDD1_6
Added Pin To Net: NetName=NetDD1_7 Pin=DD1-7
Added Pin To Net: NetName=NetDD1_7 Pin=X1-1
Added Pin To Net: NetName=NetDD1_7 Pin=X2-1
Added Pin To Net: NetName=NetDD1_7 Pin=X3-1
Added Net: Name=NetDD1_7
Added Pin To Net: NetName=NetDD2_6 Pin=DD2-6
Added Pin To Net: NetName=NetDD2_6 Pin=U1-95
Added Net: Name=NetDD2_6
Added Pin To Net: NetName=NetDD2_7 Pin=DD2-7
Added Pin To Net: NetName=NetDD2_7 Pin=R3-1
Added Pin To Net: NetName=NetDD2_7 Pin=U1-96
Added Net: Name=NetDD2_7
Added Pin To Net: NetName=NetDD3_3 Pin=DD3-3
Added Pin To Net: NetName=NetDD3_3 Pin=VD9-2
Added Net: Name=NetDD3_3
Added Pin To Net: NetName=NetDD3_4 Pin=DD3-4
Added Pin To Net: NetName=NetDD3_4 Pin=R10-1
Added Net: Name=NetDD3_4
Added Pin To Net: NetName=NetDD3_5 Pin=DD3-5
Added Pin To Net: NetName=NetDD3_5 Pin=VD8-2
Added Net: Name=NetDD3_5
Added Pin To Net: NetName=NetDD3_11 Pin=DD3-11
Added Pin To Net: NetName=NetDD3_11 Pin=VD7-2
Added Net: Name=NetDD3_11
Added Pin To Net: NetName=NetDD3_13 Pin=DD3-13
Added Pin To Net: NetName=NetDD3_13 Pin=VD6-2
Added Net: Name=NetDD3_13
Added Pin To Net: NetName=NetDD4_1 Pin=DD4-1
Added Pin To Net: NetName=NetDD4_1 Pin=DD5-2
Added Net: Name=NetDD4_1
Added Pin To Net: NetName=NetDD4_6 Pin=DD4-6
Added Pin To Net: NetName=NetDD4_6 Pin=R27-1
Added Pin To Net: NetName=NetDD4_6 Pin=X8-2
Added Net: Name=NetDD4_6
Added Pin To Net: NetName=NetDD4_7 Pin=DD4-7
Added Pin To Net: NetName=NetDD4_7 Pin=R26-1
Added Pin To Net: NetName=NetDD4_7 Pin=X8-1
Added Net: Name=NetDD4_7
Added Pin To Net: NetName=NetDD5_6 Pin=DD5-6
Added Pin To Net: NetName=NetDD5_6 Pin=U1-91
Added Net: Name=NetDD5_6
Added Pin To Net: NetName=NetDD5_7 Pin=DD5-7
Added Pin To Net: NetName=NetDD5_7 Pin=R28-1
Added Pin To Net: NetName=NetDD5_7 Pin=U1-92
Added Net: Name=NetDD5_7
Added Pin To Net: NetName=NetFA1_1 Pin=FA1-1
Added Pin To Net: NetName=NetFA1_1 Pin=XU1-2
Added Pin To Net: NetName=NetFA1_1 Pin=XU2-2
Added Net: Name=NetFA1_1
Added Pin To Net: NetName=NetFA1_2 Pin=FA1-2
Added Pin To Net: NetName=NetFA1_2 Pin=VD1-2
Added Net: Name=NetFA1_2
Added Pin To Net: NetName=NetR1_1 Pin=R1-1
Added Pin To Net: NetName=NetR1_1 Pin=X1-2
Added Net: Name=NetR1_1
Added Pin To Net: NetName=NetR2_1 Pin=R2-1
Added Pin To Net: NetName=NetR2_1 Pin=X1-4
Added Net: Name=NetR2_1
Added Pin To Net: NetName=NetR4_1 Pin=R4-1
Added Pin To Net: NetName=NetR4_1 Pin=VD4-1
Added Net: Name=NetR4_1
Added Pin To Net: NetName=NetR5_1 Pin=R5-1
Added Pin To Net: NetName=NetR5_1 Pin=VD5-1
Added Net: Name=NetR5_1
Added Pin To Net: NetName=NetR6_2 Pin=R6-2
Added Pin To Net: NetName=NetR6_2 Pin=VD6-1
Added Net: Name=NetR6_2
Added Pin To Net: NetName=NetR7_1 Pin=R7-1
Added Pin To Net: NetName=NetR7_1 Pin=VD7-1
Added Net: Name=NetR7_1
Added Pin To Net: NetName=NetR8_2 Pin=R8-2
Added Pin To Net: NetName=NetR8_2 Pin=VD8-1
Added Net: Name=NetR8_2
Added Pin To Net: NetName=NetR9_2 Pin=R9-2
Added Pin To Net: NetName=NetR9_2 Pin=VD9-1
Added Net: Name=NetR9_2
Added Pin To Net: NetName=NetR13_1 Pin=R13-1
Added Pin To Net: NetName=NetR13_1 Pin=U1-49
Added Net: Name=NetR13_1
Added Pin To Net: NetName=NetR14_1 Pin=R14-1
Added Pin To Net: NetName=NetR14_1 Pin=U1-73
Added Net: Name=NetR14_1
Added Pin To Net: NetName=NetR15_2 Pin=R15-2
Added Pin To Net: NetName=NetR15_2 Pin=VD10-1
Added Net: Name=NetR15_2
Added Pin To Net: NetName=NetR17_1 Pin=R17-1
Added Pin To Net: NetName=NetR17_1 Pin=VD12-1
Added Net: Name=NetR17_1
Added Pin To Net: NetName=NetR18_1 Pin=R18-1
Added Pin To Net: NetName=NetR18_1 Pin=SA3-7
Added Net: Name=NetR18_1
Added Pin To Net: NetName=NetR19_1 Pin=R19-1
Added Pin To Net: NetName=NetR19_1 Pin=SA3-5
Added Net: Name=NetR19_1
Added Pin To Net: NetName=NetR20_1 Pin=R20-1
Added Pin To Net: NetName=NetR20_1 Pin=SA3-3
Added Net: Name=NetR20_1
Added Pin To Net: NetName=NetR21_1 Pin=R21-1
Added Pin To Net: NetName=NetR21_1 Pin=SA3-1
Added Net: Name=NetR21_1
Added Pin To Net: NetName=NetR22_1 Pin=R22-1
Added Net: Name=NetR22_1
Added Pin To Net: NetName=NetR22_2 Pin=R22-2
Added Pin To Net: NetName=NetR22_2 Pin=R25-2
Added Net: Name=NetR22_2
Added Pin To Net: NetName=NetR23_2 Pin=R23-2
Added Pin To Net: NetName=NetR23_2 Pin=VD13-1
Added Net: Name=NetR23_2
Added Pin To Net: NetName=NetR26_1 Pin=R26-1
Added Pin To Net: NetName=NetR26_1 Pin=VD11-1
Added Net: Name=NetR26_1
Added Pin To Net: NetName=NetR28_1 Pin=R28-1
Added Pin To Net: NetName=NetR28_1 Pin=SA2-2
Added Pin To Net: NetName=NetR28_1 Pin=SA2-4
Added Net: Name=NetR28_1
Added Pin To Net: NetName=NetX4_2 Pin=X4-2
Added Pin To Net: NetName=NetX4_2 Pin=X4-3
Added Net: Name=NetX4_2
Added Pin To Net: NetName=NRST Pin=C17-1
Added Pin To Net: NetName=NRST Pin=R12-1
Added Pin To Net: NetName=NRST Pin=SA1-2
Added Pin To Net: NetName=NRST Pin=SA1-4
Added Pin To Net: NetName=NRST Pin=U1-14
Added Pin To Net: NetName=NRST Pin=XJ1-3
Added Net: Name=NRST
Added Pin To Net: NetName=TCK Pin=U1-76
Added Net: Name=TCK
Added Pin To Net: NetName=TMS Pin=XJ1-2
Added Net: Name=TMS
Added Member To Class: ClassName=CAN Member=Component DA1 L78L05ACUTR
Added Member To Class: ClassName=POWER_SUPPLY Member=Component DA2 LM2676S-5.0
Added Member To Class: ClassName=POWER_SUPPLY Member=Component DA3 MC33275ST-3.3T3G
Added Member To Class: ClassName=Digital_In_Common Member=Component DA4 HCPL0661
Added Member To Class: ClassName=CAN_ASI Member=Component DD5 ADUM1201BR
Added Member To Class: ClassName=CAN Member=Component R1 *
Added Member To Class: ClassName=CAN Member=Component R2 *
Added Member To Class: ClassName=CAN Member=Component R3 *
Added Member To Class: ClassName=POWER_SUPPLY Member=Component R4 *
Added Member To Class: ClassName=POWER_SUPPLY Member=Component R5 *
Added Member To Class: ClassName=Main Member=Component R7 *
Added Member To Class: ClassName=Main Member=Component R12 *
Added Member To Class: ClassName=Main Member=Component R13 *
Added Member To Class: ClassName=Main Member=Component R14 *
Added Member To Class: ClassName=Digital_In_Common Member=Component R22 *
Added Member To Class: ClassName=Digital_In_Common Member=Component R23 *
Added Member To Class: ClassName=Digital_In_Common Member=Component R24 *
Added Member To Class: ClassName=Digital_In_Common Member=Component R25 *
Added Member To Class: ClassName=CAN_ASI Member=Component R26 *
Added Member To Class: ClassName=CAN_ASI Member=Component R27 *
Added Member To Class: ClassName=Main Member=Component U1 STM32F437VIT6
Added Member To Class: ClassName=Main Member=Component X4 15EDGVC-2.5-03P
Added Member To Class: ClassName=Main Member=Component X5 15EDGVC-2.5-03P
Added Member To Class: ClassName=Main Member=Component X6 15EDGVC-2.5-03P
Added Member To Class: ClassName=Main Member=Component X7 15EDGVC-2.5-03P
Added Member To Class: ClassName=Main Member=Component XP1 DB-9
Added Member To Class: ClassName=Main Member=Component XP2 DB-9
