Change Component Designator: Old Designator=C14 New Designator=C?
Change Component Designator: Old Designator=C15 New Designator=C?
Change Component Designator: Old Designator=C16 New Designator=C?
Change Component Designator: Old Designator=C17 New Designator=C?
Change Component Designator: Old Designator=C18 New Designator=C?
Change Component Designator: Old Designator=C19 New Designator=C?
Change Component Designator: Old Designator=C20 New Designator=C?
Change Component Designator: Old Designator=C21 New Designator=C?
Change Component Designator: Old Designator=C22 New Designator=C?
Change Component Designator: Old Designator=C23 New Designator=C?
Change Component Designator: Old Designator=C24 New Designator=C?
Change Component Designator: Old Designator=C25 New Designator=C?
Change Component Designator: Old Designator=DD3 New Designator=DD?
Change Component Designator: Old Designator=L2 New Designator=L?
Change Component Designator: Old Designator=R6 New Designator=R?
Change Component Designator: Old Designator=R7 New Designator=R?
Change Component Designator: Old Designator=R8 New Designator=R?
Change Component Designator: Old Designator=R9 New Designator=R?
Change Component Designator: Old Designator=R10 New Designator=R?
Change Component Designator: Old Designator=R11 New Designator=R?
Change Component Designator: Old Designator=R12 New Designator=R?
Change Component Designator: Old Designator=R13 New Designator=R?
Change Component Designator: Old Designator=R14 New Designator=R?
Change Component Designator: Old Designator=R15 New Designator=R?
Change Component Designator: Old Designator=R16 New Designator=R?
Change Component Designator: Old Designator=R17 New Designator=R?
Change Component Designator: Old Designator=R18 New Designator=R?
Change Component Designator: Old Designator=R19 New Designator=R?
Change Component Designator: Old Designator=R20 New Designator=R?
Change Component Designator: Old Designator=R21 New Designator=R?
Change Component Designator: Old Designator=SA1 New Designator=SA?
Change Component Designator: Old Designator=SA2 New Designator=SA?
Change Component Designator: Old Designator=SA3 New Designator=SA?
Change Component Designator: Old Designator=SA3 New Designator=SA?
Change Component Designator: Old Designator=SA3 New Designator=SA?
Change Component Designator: Old Designator=SA3 New Designator=SA?
Change Component Designator: Old Designator=U1 New Designator=U?
Change Component Designator: Old Designator=U1 New Designator=U?
Change Component Designator: Old Designator=VD6 New Designator=VD?
Change Component Designator: Old Designator=VD7 New Designator=VD?
Change Component Designator: Old Designator=VD8 New Designator=VD?
Change Component Designator: Old Designator=VD9 New Designator=VD?
Change Component Designator: Old Designator=VD10 New Designator=VD?
Change Component Designator: Old Designator=VD11 New Designator=VD?
Change Component Designator: Old Designator=VD12 New Designator=VD?
Change Component Designator: Old Designator=VJ1 New Designator=VJ?
Change Component Designator: Old Designator=X4 New Designator=X?
Change Component Designator: Old Designator=X5 New Designator=X?
Change Component Designator: Old Designator=X6 New Designator=X?
Change Component Designator: Old Designator=X7 New Designator=X?
Change Component Designator: Old Designator=XJ1 New Designator=XJ?
Change Component Designator: Old Designator=XP1 New Designator=XP?
Change Component Designator: Old Designator=XP2 New Designator=XP?
Change Component Designator: Old Designator=XU1 New Designator=XU?
Change Component Designator: Old Designator=XU2 New Designator=XU?
Change Component Designator: Old Designator=ZQ1 New Designator=ZQ?
