Replace Part C14 CC0805 in D:\#ASI_CAN_Converter\Sch\Main.SchDoc with CC0805 from DX_test_lib2.SchLib
Replace Part C15 CC0805 in D:\#ASI_CAN_Converter\Sch\Main.SchDoc with CC0805 from DX_test_lib2.SchLib
Replace Part C16 CC0805 in D:\#ASI_CAN_Converter\Sch\Main.SchDoc with CC0805 from DX_test_lib2.SchLib
Replace Part C17 CC0805 in D:\#ASI_CAN_Converter\Sch\Main.SchDoc with CC0805 from DX_test_lib2.SchLib
Replace Part C18 TANTAL_A in D:\#ASI_CAN_Converter\Sch\Main.SchDoc with TANTAL_A from Capacitors.IntLib
Replace Part C19 CC0805 in D:\#ASI_CAN_Converter\Sch\Main.SchDoc with CC0805 from DX_test_lib2.SchLib
Replace Part C20 CC0805 in D:\#ASI_CAN_Converter\Sch\Main.SchDoc with CC0805 from DX_test_lib2.SchLib
Replace Part C21 CC0805 in D:\#ASI_CAN_Converter\Sch\Main.SchDoc with CC0805 from DX_test_lib2.SchLib
Replace Part C22 CC0805 in D:\#ASI_CAN_Converter\Sch\Main.SchDoc with CC0805 from DX_test_lib2.SchLib
Replace Part C23 CC0805 in D:\#ASI_CAN_Converter\Sch\Main.SchDoc with CC0805 from DX_test_lib2.SchLib
Replace Part C24 TANTAL_A in D:\#ASI_CAN_Converter\Sch\Main.SchDoc with TANTAL_A from Capacitors.IntLib
Replace Part C25 CC0805 in D:\#ASI_CAN_Converter\Sch\Main.SchDoc with CC0805 from DX_test_lib2.SchLib
Replace Part DD3 AM26LV32CDR in D:\#ASI_CAN_Converter\Sch\Main.SchDoc with AM26LV32CDR from DX_test_lib2.SchLib
Replace Part L2 CM322522 in D:\#ASI_CAN_Converter\Sch\Main.SchDoc with CM322522 from Inductors.IntLib
Replace Part R6 RC0805JR in D:\#ASI_CAN_Converter\Sch\Main.SchDoc with RC0805JR from DX_test_lib2.SchLib
Replace Part R7 CRCW1206 in D:\#ASI_CAN_Converter\Sch\Main.SchDoc with CRCW1206 from Resistors.IntLib
Replace Part R8 RC0805JR in D:\#ASI_CAN_Converter\Sch\Main.SchDoc with RC0805JR from DX_test_lib2.SchLib
Replace Part R9 RC0805JR in D:\#ASI_CAN_Converter\Sch\Main.SchDoc with RC0805JR from DX_test_lib2.SchLib
Replace Part R10 RC0805JR in D:\#ASI_CAN_Converter\Sch\Main.SchDoc with RC0805JR from DX_test_lib2.SchLib
Replace Part R11 RC0805JR in D:\#ASI_CAN_Converter\Sch\Main.SchDoc with RC0805JR from DX_test_lib2.SchLib
Replace Part R12 RC0805JR in D:\#ASI_CAN_Converter\Sch\Main.SchDoc with RC0805JR from DX_test_lib2.SchLib
Replace Part R13 RC0805JR in D:\#ASI_CAN_Converter\Sch\Main.SchDoc with RC0805JR from DX_test_lib2.SchLib
Replace Part R14 RC0805JR in D:\#ASI_CAN_Converter\Sch\Main.SchDoc with RC0805JR from DX_test_lib2.SchLib
Replace Part R15 RC0805JR in D:\#ASI_CAN_Converter\Sch\Main.SchDoc with RC0805JR from DX_test_lib2.SchLib
Replace Part R17 RC0805JR in D:\#ASI_CAN_Converter\Sch\Main.SchDoc with RC0805JR from DX_test_lib2.SchLib
Replace Part R18 RC0805JR in D:\#ASI_CAN_Converter\Sch\Main.SchDoc with RC0805JR from DX_test_lib2.SchLib
Replace Part R19 RC0805JR in D:\#ASI_CAN_Converter\Sch\Main.SchDoc with RC0805JR from DX_test_lib2.SchLib
Replace Part R20 RC0805JR in D:\#ASI_CAN_Converter\Sch\Main.SchDoc with RC0805JR from DX_test_lib2.SchLib
Replace Part R21 RC0805JR in D:\#ASI_CAN_Converter\Sch\Main.SchDoc with RC0805JR from DX_test_lib2.SchLib
Replace Part R26 RC0805JR in D:\#ASI_CAN_Converter\Sch\Main.SchDoc with RC0805JR from DX_test_lib2.SchLib
Replace Part SA1 SWT-2 in D:\#ASI_CAN_Converter\Sch\Main.SchDoc with SWT-2 from Miscellaneous.IntLib
Replace Part SA2 SWT-2 in D:\#ASI_CAN_Converter\Sch\Main.SchDoc with SWT-2 from Miscellaneous.IntLib
Replace Part SA3 SWD 1-4 in D:\#ASI_CAN_Converter\Sch\Main.SchDoc with SWD 1-4 from Miscellaneous.IntLib
Replace Part SA3 SWD 1-4 in D:\#ASI_CAN_Converter\Sch\Main.SchDoc with SWD 1-4 from Miscellaneous.IntLib
Replace Part SA3 SWD 1-4 in D:\#ASI_CAN_Converter\Sch\Main.SchDoc with SWD 1-4 from Miscellaneous.IntLib
Replace Part SA3 SWD 1-4 in D:\#ASI_CAN_Converter\Sch\Main.SchDoc with SWD 1-4 from DX_test_lib2.SchLib
Replace Part U1 STM32F437VIT6 in D:\#ASI_CAN_Converter\Sch\Main.SchDoc with STM32F437VIT6 from DX_test_lib2.SchLib
Replace Part U1 STM32F437VIT6 in D:\#ASI_CAN_Converter\Sch\Main.SchDoc with STM32F437VIT6 from DX_test_lib2.SchLib
Replace Part VD6 KP-3216 in D:\#ASI_CAN_Converter\Sch\Main.SchDoc with KP-3216 from DX_test_lib2.SchLib
Replace Part VD7 KP-3216 in D:\#ASI_CAN_Converter\Sch\Main.SchDoc with KP-3216 from DX_test_lib2.SchLib
Replace Part VD8 KP-3216 in D:\#ASI_CAN_Converter\Sch\Main.SchDoc with KP-3216 from DX_test_lib2.SchLib
Replace Part VD9 KP-3216 in D:\#ASI_CAN_Converter\Sch\Main.SchDoc with KP-3216 from DX_test_lib2.SchLib
Replace Part VD10 KP-3216 in D:\#ASI_CAN_Converter\Sch\Main.SchDoc with KP-3216 from DX_test_lib2.SchLib
Replace Part VD11 KP-3216 in D:\#ASI_CAN_Converter\Sch\Main.SchDoc with KP-3216 from DX_test_lib2.SchLib
Replace Part VD12 KP-3216 in D:\#ASI_CAN_Converter\Sch\Main.SchDoc with KP-3216 from DX_test_lib2.SchLib
Replace Part VJ1 Virt_Jumper in D:\#ASI_CAN_Converter\Sch\Main.SchDoc with Virt_Jumper from DX_test_lib2.SchLib
Replace Part X4 15EDGVC-2.5-03P in D:\#ASI_CAN_Converter\Sch\Main.SchDoc with 15EDGVC-2.5-03P from DX_test_lib2.SchLib
Replace Part X5 15EDGVC-2.5-03P in D:\#ASI_CAN_Converter\Sch\Main.SchDoc with 15EDGVC-2.5-03P from DX_test_lib2.SchLib
Replace Part X6 15EDGVC-2.5-03P in D:\#ASI_CAN_Converter\Sch\Main.SchDoc with 15EDGVC-2.5-03P from DX_test_lib2.SchLib
Replace Part X7 15EDGVC-2.5-03P in D:\#ASI_CAN_Converter\Sch\Main.SchDoc with 15EDGVC-2.5-03P from DX_test_lib2.SchLib
Replace Part XJ1 BH2-6 in D:\#ASI_CAN_Converter\Sch\Main.SchDoc with BH2-6 from Connectors.IntLib
Replace Part XP1 DB-9 in D:\#ASI_CAN_Converter\Sch\Main.SchDoc with DB-9 from DX_test_lib2.SchLib
Replace Part XP2 DB-9 in D:\#ASI_CAN_Converter\Sch\Main.SchDoc with DB-9 from DX_test_lib2.SchLib
Replace Part XU1 MF-2MA in D:\#ASI_CAN_Converter\Sch\Main.SchDoc with MF-2MA from Connectors.IntLib
Replace Part XU2 MF-2MA in D:\#ASI_CAN_Converter\Sch\Main.SchDoc with MF-2MA from Connectors.IntLib
Replace Part ZQ1 KX-13 in D:\#ASI_CAN_Converter\Sch\Main.SchDoc with KX-13 from DX_test_lib2.SchLib
