Change Component Designator: Old Designator=C? New Designator=C14
Change Component Designator: Old Designator=C? New Designator=C15
Change Component Designator: Old Designator=C? New Designator=C16
Change Component Designator: Old Designator=C? New Designator=C17
Change Component Designator: Old Designator=C? New Designator=C18
Change Component Designator: Old Designator=C? New Designator=C19
Change Component Designator: Old Designator=C? New Designator=C20
Change Component Designator: Old Designator=C? New Designator=C21
Change Component Designator: Old Designator=C? New Designator=C22
Change Component Designator: Old Designator=C? New Designator=C23
Change Component Designator: Old Designator=C? New Designator=C24
Change Component Designator: Old Designator=C? New Designator=C25
Change Component Designator: Old Designator=DD? New Designator=DD3
Change Component Designator: Old Designator=DD? New Designator=DD4
Change Component Designator: Old Designator=L? New Designator=L2
Change Component Designator: Old Designator=R? New Designator=R20
Change Component Designator: Old Designator=R? New Designator=R21
Change Component Designator: Old Designator=R? New Designator=R22
Change Component Designator: Old Designator=R? New Designator=R23
Change Component Designator: Old Designator=R? New Designator=R24
Change Component Designator: Old Designator=R? New Designator=R25
Change Component Designator: Old Designator=R? New Designator=R26
Change Component Designator: Old Designator=R? New Designator=R27
Change Component Designator: Old Designator=R? New Designator=R28
Change Component Designator: Old Designator=R? New Designator=R29
Change Component Designator: Old Designator=R? New Designator=R30
Change Component Designator: Old Designator=R? New Designator=R31
Change Component Designator: Old Designator=R? New Designator=R32
Change Component Designator: Old Designator=R? New Designator=R33
Change Component Designator: Old Designator=SA? New Designator=SA3
Change Component Designator: Old Designator=SA? New Designator=SA3
Change Component Designator: Old Designator=SA? New Designator=SA3
Change Component Designator: Old Designator=SA? New Designator=SA3
Change Component Designator: Old Designator=SA? New Designator=SA1
Change Component Designator: Old Designator=SA? New Designator=SA2
Change Component Designator: Old Designator=VD? New Designator=VD6
Change Component Designator: Old Designator=VD? New Designator=VD7
Change Component Designator: Old Designator=VD? New Designator=VD8
Change Component Designator: Old Designator=VD? New Designator=VD9
Change Component Designator: Old Designator=VD? New Designator=VD10
Change Component Designator: Old Designator=VD? New Designator=VD11
Change Component Designator: Old Designator=VD? New Designator=VD12
Change Component Designator: Old Designator=VD? New Designator=VD13
Change Component Designator: Old Designator=VJ? New Designator=VJ1
Change Component Designator: Old Designator=XJ? New Designator=XJ1
Change Component Designator: Old Designator=XP? New Designator=XP2
Change Component Designator: Old Designator=XP? New Designator=XP3
Change Component Designator: Old Designator=XP? New Designator=XP4
Change Component Designator: Old Designator=XU? New Designator=XU1
Change Component Designator: Old Designator=XU? New Designator=XU2
Change Component Designator: Old Designator=ZQ? New Designator=ZQ1
